<?xml version="1.0" encoding="UTF-8"?>
<testsuite name="com.learn.RAtests.UserController.ChangePasswordTests" tests="17" skipped="0" failures="0" errors="0" timestamp="2024-04-08T14:27:02" hostname="DESKTOP-M6NQQR2" time="3.402">
  <properties/>
  <testcase name="changePasswordPositiveTest" classname="com.learn.RAtests.UserController.ChangePasswordTests" time="0.157"/>
  <testcase name="changePasswordBoundaryValue8Test" classname="com.learn.RAtests.UserController.ChangePasswordTests" time="0.137"/>
  <testcase name="changePassWithEmptyOldPasswordNegTest" classname="com.learn.RAtests.UserController.ChangePasswordTests" time="0.079"/>
  <testcase name="changePassWithEmptyNewPasswordNegTest" classname="com.learn.RAtests.UserController.ChangePasswordTests" time="0.013"/>
  <testcase name="changePassWithEmptyConfirmPasswordNegTest" classname="com.learn.RAtests.UserController.ChangePasswordTests" time="0.017"/>
  <testcase name="changePassWithShortLength7NegTest" classname="com.learn.RAtests.UserController.ChangePasswordTests" time="0.014"/>
  <testcase name="changePasswordWithOnlyNumbersNegTest" classname="com.learn.RAtests.UserController.ChangePasswordTests" time="0.014"/>
  <testcase name="changePasswordWithOnlyLettersNegTest" classname="com.learn.RAtests.UserController.ChangePasswordTests" time="0.01"/>
  <testcase name="changePasswordWithOnlyValidSymbolsNegTest" classname="com.learn.RAtests.UserController.ChangePasswordTests" time="0.009"/>
  <testcase name="changePasswordWithOnlyInvalidSymbolsNegTest" classname="com.learn.RAtests.UserController.ChangePasswordTests" time="0.013"/>
  <testcase name="changePasswordWithOnlyLowercaseNegTest" classname="com.learn.RAtests.UserController.ChangePasswordTests" time="0.012"/>
  <testcase name="changePasswordWithOnlyUppercaseNegTest" classname="com.learn.RAtests.UserController.ChangePasswordTests" time="0.011"/>
  <testcase name="changePasswordWithoutSpecialSymbolNegTest" classname="com.learn.RAtests.UserController.ChangePasswordTests" time="0.013"/>
  <testcase name="changePasswordWithoutNumbersNegTest" classname="com.learn.RAtests.UserController.ChangePasswordTests" time="0.012"/>
  <testcase name="changePasswordWithoutAUTHNegTest" classname="com.learn.RAtests.UserController.ChangePasswordTests" time="0.008"/>
  <testcase name="changePasswordForNotExistUserNegTest" classname="com.learn.RAtests.UserController.ChangePasswordTests" time="0.011"/>
  <testcase name="changePasswordWrongPathNegTest" classname="com.learn.RAtests.UserController.ChangePasswordTests" time="0.013"/>
  <system-out><![CDATA[16:27:02.404 [Test worker] INFO  com.learn.RAtests.TestBase -- Start test: changePasswordPositiveTest
16:27:02.563 [Test worker] INFO  com.learn.RAtests.TestBase -- PASSED: changePasswordPositiveTest
16:27:02.564 [Test worker] INFO  com.learn.RAtests.TestBase -- Stop test
16:27:02.564 [Test worker] INFO  com.learn.RAtests.TestBase -- *******************************
16:27:03.034 [Test worker] INFO  com.learn.RAtests.TestBase -- PASSED: changePasswordBoundaryValue8Test
16:27:03.035 [Test worker] INFO  com.learn.RAtests.TestBase -- Stop test
16:27:03.035 [Test worker] INFO  com.learn.RAtests.TestBase -- *******************************
16:27:03.035 [Test worker] INFO  com.learn.RAtests.TestBase -- Start test: createCourseEmptyTitleNegTest
Current password is incorrect
16:27:04.059 [Test worker] INFO  com.learn.RAtests.TestBase -- PASSED: changePassWithEmptyOldPasswordNegTest
16:27:04.059 [Test worker] INFO  com.learn.RAtests.TestBase -- Stop test
16:27:04.059 [Test worker] INFO  com.learn.RAtests.TestBase -- *******************************
16:27:04.061 [Test worker] INFO  com.learn.RAtests.TestBase -- Start test: createCourseTitleWithNumbersNegTest
Validation failed for argument [1] in public void de.aittr.online_lessons.controllers.UserController.changePassword(java.lang.String,de.aittr.online_lessons.domain.dto.ChangePasswordDto): [Field error in object 'changePasswordDto' on field 'newPassword': rejected value []; codes [Pattern.changePasswordDto.newPassword,Pattern.newPassword,Pattern.java.lang.String,Pattern]; arguments [org.springframework.context.support.DefaultMessageSourceResolvable: codes [changePasswordDto.newPassword,newPassword]; arguments []; default message [newPassword],[Ljakarta.validation.constraints.Pattern$Flag;@25fe4c67,^(?=.*[0-9])(?=.*[a-z])(?=.*[A-Z])(?=.*[!$#%])[a-zA-Z0-9!$#%]{8,}$]; default message [Invalid password format]] 
16:27:04.328 [Test worker] INFO  com.learn.RAtests.TestBase -- PASSED: changePassWithEmptyNewPasswordNegTest
16:27:04.329 [Test worker] INFO  com.learn.RAtests.TestBase -- Stop test
16:27:04.329 [Test worker] INFO  com.learn.RAtests.TestBase -- *******************************
16:27:04.330 [Test worker] INFO  com.learn.RAtests.TestBase -- Start test: createCourseShortTitleNegTest
New password and confirm password mismatch
16:27:04.551 [Test worker] INFO  com.learn.RAtests.TestBase -- PASSED: changePassWithEmptyConfirmPasswordNegTest
16:27:04.551 [Test worker] INFO  com.learn.RAtests.TestBase -- Stop test
16:27:04.551 [Test worker] INFO  com.learn.RAtests.TestBase -- *******************************
16:27:04.552 [Test worker] INFO  com.learn.RAtests.TestBase -- Start test: createCourseNegativePriceNegTest
Validation failed for argument [1] in public void de.aittr.online_lessons.controllers.UserController.changePassword(java.lang.String,de.aittr.online_lessons.domain.dto.ChangePasswordDto): [Field error in object 'changePasswordDto' on field 'newPassword': rejected value [Test01!]; codes [Pattern.changePasswordDto.newPassword,Pattern.newPassword,Pattern.java.lang.String,Pattern]; arguments [org.springframework.context.support.DefaultMessageSourceResolvable: codes [changePasswordDto.newPassword,newPassword]; arguments []; default message [newPassword],[Ljakarta.validation.constraints.Pattern$Flag;@25fe4c67,^(?=.*[0-9])(?=.*[a-z])(?=.*[A-Z])(?=.*[!$#%])[a-zA-Z0-9!$#%]{8,}$]; default message [Invalid password format]] 
16:27:04.722 [Test worker] INFO  com.learn.RAtests.TestBase -- PASSED: changePassWithShortLength7NegTest
16:27:04.722 [Test worker] INFO  com.learn.RAtests.TestBase -- Stop test
16:27:04.722 [Test worker] INFO  com.learn.RAtests.TestBase -- *******************************
16:27:04.723 [Test worker] INFO  com.learn.RAtests.TestBase -- Start test: createCourseWithoutPhotoNegTest
Validation failed for argument [1] in public void de.aittr.online_lessons.controllers.UserController.changePassword(java.lang.String,de.aittr.online_lessons.domain.dto.ChangePasswordDto): [Field error in object 'changePasswordDto' on field 'newPassword': rejected value [1234567890]; codes [Pattern.changePasswordDto.newPassword,Pattern.newPassword,Pattern.java.lang.String,Pattern]; arguments [org.springframework.context.support.DefaultMessageSourceResolvable: codes [changePasswordDto.newPassword,newPassword]; arguments []; default message [newPassword],[Ljakarta.validation.constraints.Pattern$Flag;@25fe4c67,^(?=.*[0-9])(?=.*[a-z])(?=.*[A-Z])(?=.*[!$#%])[a-zA-Z0-9!$#%]{8,}$]; default message [Invalid password format]] 
16:27:05.078 [Test worker] INFO  com.learn.RAtests.TestBase -- PASSED: changePasswordWithOnlyNumbersNegTest
16:27:05.078 [Test worker] INFO  com.learn.RAtests.TestBase -- Stop test
16:27:05.078 [Test worker] INFO  com.learn.RAtests.TestBase -- *******************************
16:27:05.080 [Test worker] INFO  com.learn.RAtests.TestBase -- Start test: getAllCoursesByUserWithoutAuthNegTest
Validation failed for argument [1] in public void de.aittr.online_lessons.controllers.UserController.changePassword(java.lang.String,de.aittr.online_lessons.domain.dto.ChangePasswordDto): [Field error in object 'changePasswordDto' on field 'newPassword': rejected value [Testtest]; codes [Pattern.changePasswordDto.newPassword,Pattern.newPassword,Pattern.java.lang.String,Pattern]; arguments [org.springframework.context.support.DefaultMessageSourceResolvable: codes [changePasswordDto.newPassword,newPassword]; arguments []; default message [newPassword],[Ljakarta.validation.constraints.Pattern$Flag;@25fe4c67,^(?=.*[0-9])(?=.*[a-z])(?=.*[A-Z])(?=.*[!$#%])[a-zA-Z0-9!$#%]{8,}$]; default message [Invalid password format]] 
16:27:05.190 [Test worker] INFO  com.learn.RAtests.TestBase -- PASSED: changePasswordWithOnlyLettersNegTest
16:27:05.190 [Test worker] INFO  com.learn.RAtests.TestBase -- Stop test
16:27:05.190 [Test worker] INFO  com.learn.RAtests.TestBase -- *******************************
16:27:05.191 [Test worker] INFO  com.learn.RAtests.TestBase -- Start test: getCoursesInCartWithoutAUTHTest
Validation failed for argument [1] in public void de.aittr.online_lessons.controllers.UserController.changePassword(java.lang.String,de.aittr.online_lessons.domain.dto.ChangePasswordDto): [Field error in object 'changePasswordDto' on field 'newPassword': rejected value [!$#%!$#%!]; codes [Pattern.changePasswordDto.newPassword,Pattern.newPassword,Pattern.java.lang.String,Pattern]; arguments [org.springframework.context.support.DefaultMessageSourceResolvable: codes [changePasswordDto.newPassword,newPassword]; arguments []; default message [newPassword],[Ljakarta.validation.constraints.Pattern$Flag;@25fe4c67,^(?=.*[0-9])(?=.*[a-z])(?=.*[A-Z])(?=.*[!$#%])[a-zA-Z0-9!$#%]{8,}$]; default message [Invalid password format]] 
16:27:05.290 [Test worker] INFO  com.learn.RAtests.TestBase -- PASSED: changePasswordWithOnlyValidSymbolsNegTest
16:27:05.290 [Test worker] INFO  com.learn.RAtests.TestBase -- Stop test
16:27:05.290 [Test worker] INFO  com.learn.RAtests.TestBase -- *******************************
16:27:05.292 [Test worker] INFO  com.learn.RAtests.TestBase -- Start test: getCoursesInCartWithWrongPathTest
Validation failed for argument [1] in public void de.aittr.online_lessons.controllers.UserController.changePassword(java.lang.String,de.aittr.online_lessons.domain.dto.ChangePasswordDto): [Field error in object 'changePasswordDto' on field 'newPassword': rejected value [*@,.)&?-==]; codes [Pattern.changePasswordDto.newPassword,Pattern.newPassword,Pattern.java.lang.String,Pattern]; arguments [org.springframework.context.support.DefaultMessageSourceResolvable: codes [changePasswordDto.newPassword,newPassword]; arguments []; default message [newPassword],[Ljakarta.validation.constraints.Pattern$Flag;@25fe4c67,^(?=.*[0-9])(?=.*[a-z])(?=.*[A-Z])(?=.*[!$#%])[a-zA-Z0-9!$#%]{8,}$]; default message [Invalid password format]] 
16:27:05.410 [Test worker] INFO  com.learn.RAtests.TestBase -- PASSED: changePasswordWithOnlyInvalidSymbolsNegTest
16:27:05.410 [Test worker] INFO  com.learn.RAtests.TestBase -- Stop test
16:27:05.410 [Test worker] INFO  com.learn.RAtests.TestBase -- *******************************
16:27:05.411 [Test worker] INFO  com.learn.RAtests.TestBase -- Start test: getCoursesPurchasedByUserWithoutAuthTest
Validation failed for argument [1] in public void de.aittr.online_lessons.controllers.UserController.changePassword(java.lang.String,de.aittr.online_lessons.domain.dto.ChangePasswordDto): [Field error in object 'changePasswordDto' on field 'newPassword': rejected value [testtest1!]; codes [Pattern.changePasswordDto.newPassword,Pattern.newPassword,Pattern.java.lang.String,Pattern]; arguments [org.springframework.context.support.DefaultMessageSourceResolvable: codes [changePasswordDto.newPassword,newPassword]; arguments []; default message [newPassword],[Ljakarta.validation.constraints.Pattern$Flag;@25fe4c67,^(?=.*[0-9])(?=.*[a-z])(?=.*[A-Z])(?=.*[!$#%])[a-zA-Z0-9!$#%]{8,}$]; default message [Invalid password format]] 
16:27:05.508 [Test worker] INFO  com.learn.RAtests.TestBase -- PASSED: changePasswordWithOnlyLowercaseNegTest
16:27:05.508 [Test worker] INFO  com.learn.RAtests.TestBase -- Stop test
16:27:05.508 [Test worker] INFO  com.learn.RAtests.TestBase -- *******************************
16:27:05.508 [Test worker] INFO  com.learn.RAtests.TestBase -- Start test: getCoursesPurchasedByNotExistUserNegTest
Validation failed for argument [1] in public void de.aittr.online_lessons.controllers.UserController.changePassword(java.lang.String,de.aittr.online_lessons.domain.dto.ChangePasswordDto): [Field error in object 'changePasswordDto' on field 'newPassword': rejected value [TESTTEST1!]; codes [Pattern.changePasswordDto.newPassword,Pattern.newPassword,Pattern.java.lang.String,Pattern]; arguments [org.springframework.context.support.DefaultMessageSourceResolvable: codes [changePasswordDto.newPassword,newPassword]; arguments []; default message [newPassword],[Ljakarta.validation.constraints.Pattern$Flag;@25fe4c67,^(?=.*[0-9])(?=.*[a-z])(?=.*[A-Z])(?=.*[!$#%])[a-zA-Z0-9!$#%]{8,}$]; default message [Invalid password format]] 
16:27:05.597 [Test worker] INFO  com.learn.RAtests.TestBase -- PASSED: changePasswordWithOnlyUppercaseNegTest
16:27:05.598 [Test worker] INFO  com.learn.RAtests.TestBase -- Stop test
16:27:05.598 [Test worker] INFO  com.learn.RAtests.TestBase -- *******************************
16:27:05.598 [Test worker] INFO  com.learn.RAtests.TestBase -- Start test: getCoursesPurchasedByUserWithWrongPathNegTest
Validation failed for argument [1] in public void de.aittr.online_lessons.controllers.UserController.changePassword(java.lang.String,de.aittr.online_lessons.domain.dto.ChangePasswordDto): [Field error in object 'changePasswordDto' on field 'newPassword': rejected value [Test1test1]; codes [Pattern.changePasswordDto.newPassword,Pattern.newPassword,Pattern.java.lang.String,Pattern]; arguments [org.springframework.context.support.DefaultMessageSourceResolvable: codes [changePasswordDto.newPassword,newPassword]; arguments []; default message [newPassword],[Ljakarta.validation.constraints.Pattern$Flag;@25fe4c67,^(?=.*[0-9])(?=.*[a-z])(?=.*[A-Z])(?=.*[!$#%])[a-zA-Z0-9!$#%]{8,}$]; default message [Invalid password format]] 
16:27:05.699 [Test worker] INFO  com.learn.RAtests.TestBase -- PASSED: changePasswordWithoutSpecialSymbolNegTest
16:27:05.699 [Test worker] INFO  com.learn.RAtests.TestBase -- Stop test
16:27:05.699 [Test worker] INFO  com.learn.RAtests.TestBase -- *******************************
16:27:05.700 [Test worker] INFO  com.learn.RAtests.TestBase -- Start test: courseAlreadyPurchasedNegTest
Validation failed for argument [1] in public void de.aittr.online_lessons.controllers.UserController.changePassword(java.lang.String,de.aittr.online_lessons.domain.dto.ChangePasswordDto): [Field error in object 'changePasswordDto' on field 'newPassword': rejected value [Testtest!]; codes [Pattern.changePasswordDto.newPassword,Pattern.newPassword,Pattern.java.lang.String,Pattern]; arguments [org.springframework.context.support.DefaultMessageSourceResolvable: codes [changePasswordDto.newPassword,newPassword]; arguments []; default message [newPassword],[Ljakarta.validation.constraints.Pattern$Flag;@25fe4c67,^(?=.*[0-9])(?=.*[a-z])(?=.*[A-Z])(?=.*[!$#%])[a-zA-Z0-9!$#%]{8,}$]; default message [Invalid password format]] 
16:27:05.769 [Test worker] INFO  com.learn.RAtests.TestBase -- PASSED: changePasswordWithoutNumbersNegTest
16:27:05.769 [Test worker] INFO  com.learn.RAtests.TestBase -- Stop test
16:27:05.769 [Test worker] INFO  com.learn.RAtests.TestBase -- *******************************
16:27:05.770 [Test worker] INFO  com.learn.RAtests.TestBase -- Start test: changePasswordWithoutAUTHNegTest
Forbidden 403
16:27:05.779 [Test worker] INFO  com.learn.RAtests.TestBase -- PASSED: changePasswordWithoutAUTHNegTest
16:27:05.779 [Test worker] INFO  com.learn.RAtests.TestBase -- Stop test
16:27:05.779 [Test worker] INFO  com.learn.RAtests.TestBase -- *******************************
16:27:05.780 [Test worker] INFO  com.learn.RAtests.TestBase -- Start test: changePasswordForNotExistUserNegTest
User with this username not found
16:27:05.793 [Test worker] INFO  com.learn.RAtests.TestBase -- PASSED: changePasswordForNotExistUserNegTest
16:27:05.793 [Test worker] INFO  com.learn.RAtests.TestBase -- Stop test
16:27:05.793 [Test worker] INFO  com.learn.RAtests.TestBase -- *******************************
16:27:05.794 [Test worker] INFO  com.learn.RAtests.TestBase -- Start test: changePasswordWrongPathNegTest
Not Found /api/users/change_pass/Test1
16:27:05.808 [Test worker] INFO  com.learn.RAtests.TestBase -- PASSED: changePasswordWrongPathNegTest
16:27:05.808 [Test worker] INFO  com.learn.RAtests.TestBase -- Stop test
16:27:05.808 [Test worker] INFO  com.learn.RAtests.TestBase -- *******************************
]]></system-out>
  <system-err><![CDATA[]]></system-err>
</testsuite>
