<?xml version="1.0" encoding="UTF-8"?>
<testsuite name="com.learn.RAtests.UserController.DeleteUserTests" tests="4" skipped="0" failures="0" errors="0" timestamp="2024-04-08T14:27:02" hostname="DESKTOP-M6NQQR2" time="1.724">
  <properties/>
  <testcase name="deleteUserWithoutAUTHNegTest" classname="com.learn.RAtests.UserController.DeleteUserTests" time="0.013"/>
  <testcase name="deleteUserSuccessTest" classname="com.learn.RAtests.UserController.DeleteUserTests" time="0.643"/>
  <testcase name="deleteNotExistsUserNegTest" classname="com.learn.RAtests.UserController.DeleteUserTests" time="0.015"/>
  <testcase name="deleteUserWithInvalidPathNegTest" classname="com.learn.RAtests.UserController.DeleteUserTests" time="0.014"/>
  <system-out><![CDATA[16:27:02.651 [Test worker] INFO  com.learn.RAtests.TestBase -- Start test: deleteUserWithoutAUTHNegTest
Forbidden 403
16:27:02.665 [Test worker] INFO  com.learn.RAtests.TestBase -- PASSED: deleteUserWithoutAUTHNegTest
16:27:02.665 [Test worker] INFO  com.learn.RAtests.TestBase -- Stop test
16:27:02.665 [Test worker] INFO  com.learn.RAtests.TestBase -- *******************************
Response body: 
16:27:03.732 [Test worker] INFO  com.learn.RAtests.TestBase -- PASSED: deleteUserSuccessTest
16:27:03.732 [Test worker] INFO  com.learn.RAtests.TestBase -- Stop test
16:27:03.732 [Test worker] INFO  com.learn.RAtests.TestBase -- *******************************
16:27:03.733 [Test worker] INFO  com.learn.RAtests.TestBase -- Start test: getNotExistCourseByIdNegTest
User with this username not found
16:27:04.154 [Test worker] INFO  com.learn.RAtests.TestBase -- PASSED: deleteNotExistsUserNegTest
16:27:04.154 [Test worker] INFO  com.learn.RAtests.TestBase -- Stop test
16:27:04.154 [Test worker] INFO  com.learn.RAtests.TestBase -- *******************************
16:27:04.155 [Test worker] INFO  com.learn.RAtests.TestBase -- Start test: getCourseByIdWithInvalidPathNegTest
{"timestamp":"2024-04-08T14:27:04.373+00:00","status":404,"error":"Not Found","path":"/api/users/del/TestdelA"}
16:27:04.375 [Test worker] INFO  com.learn.RAtests.TestBase -- PASSED: deleteUserWithInvalidPathNegTest
16:27:04.375 [Test worker] INFO  com.learn.RAtests.TestBase -- Stop test
16:27:04.375 [Test worker] INFO  com.learn.RAtests.TestBase -- *******************************
]]></system-out>
  <system-err><![CDATA[]]></system-err>
</testsuite>
