<?xml version="1.0" encoding="UTF-8"?>
<testsuite name="com.learn.RAtests.CartController.DeleteCoursesFromCartTests" tests="5" skipped="0" failures="0" errors="0" timestamp="2024-04-08T16:57:12" hostname="DESKTOP-M6NQQR2" time="2.06">
  <properties/>
  <testcase name="removeCourseFromCartWithoutAuthNegTest" classname="com.learn.RAtests.CartController.DeleteCoursesFromCartTests" time="0.01"/>
  <testcase name="removeCourseFromNotExistCartNegTest" classname="com.learn.RAtests.CartController.DeleteCoursesFromCartTests" time="0.015"/>
  <testcase name="removeCourseFromCartByIdPositiveTest" classname="com.learn.RAtests.CartController.DeleteCoursesFromCartTests" time="0.016"/>
  <testcase name="removeAllCoursesFromNotExistCartNegTest" classname="com.learn.RAtests.CartController.DeleteCoursesFromCartTests" time="0.03"/>
  <testcase name="removeAllCoursesFromCartWithoutAuthNegTest" classname="com.learn.RAtests.CartController.DeleteCoursesFromCartTests" time="0.007"/>
  <system-out><![CDATA[18:57:12.581 [Test worker] INFO  com.learn.RAtests.TestBase -- Start test: removeCourseFromCartWithoutAuthNegTest
Forbidden 403
18:57:12.635 [Test worker] INFO  com.learn.RAtests.TestBase -- PASSED: removeCourseFromCartWithoutAuthNegTest
18:57:12.635 [Test worker] INFO  com.learn.RAtests.TestBase -- Stop test
18:57:12.635 [Test worker] INFO  com.learn.RAtests.TestBase -- *******************************
18:57:12.636 [Test worker] INFO  com.learn.RAtests.TestBase -- Start test: addNotExistsCourseToCartNegTest
Cart with ID 1667 not found
18:57:13.961 [Test worker] INFO  com.learn.RAtests.TestBase -- PASSED: removeCourseFromNotExistCartNegTest
18:57:13.961 [Test worker] INFO  com.learn.RAtests.TestBase -- Stop test
18:57:13.961 [Test worker] INFO  com.learn.RAtests.TestBase -- *******************************
18:57:13.962 [Test worker] INFO  com.learn.RAtests.TestBase -- Start test: addAlreadyExistsCourseToCartNegTest
18:57:14.299 [Test worker] INFO  com.learn.RAtests.TestBase -- PASSED: removeCourseFromCartByIdPositiveTest
18:57:14.299 [Test worker] INFO  com.learn.RAtests.TestBase -- Stop test
18:57:14.299 [Test worker] INFO  com.learn.RAtests.TestBase -- *******************************
18:57:14.300 [Test worker] INFO  com.learn.RAtests.TestBase -- Start test: addCourseToCarWithoutAuthNegTest
Cart with ID 1900 not found
18:57:14.568 [Test worker] INFO  com.learn.RAtests.TestBase -- PASSED: removeAllCoursesFromNotExistCartNegTest
18:57:14.568 [Test worker] INFO  com.learn.RAtests.TestBase -- Stop test
18:57:14.568 [Test worker] INFO  com.learn.RAtests.TestBase -- *******************************
18:57:14.570 [Test worker] INFO  com.learn.RAtests.TestBase -- Start test: addCourseToCarWithInvalidPathNegTest
Forbidden 403
18:57:14.682 [Test worker] INFO  com.learn.RAtests.TestBase -- PASSED: removeAllCoursesFromCartWithoutAuthNegTest
18:57:14.682 [Test worker] INFO  com.learn.RAtests.TestBase -- Stop test
18:57:14.682 [Test worker] INFO  com.learn.RAtests.TestBase -- *******************************
]]></system-out>
  <system-err><![CDATA[]]></system-err>
</testsuite>
