<?xml version="1.0" encoding="UTF-8"?>
<testsuite name="com.learn.RAtests.UserController.RegistrationTests" tests="25" skipped="0" failures="0" errors="0" timestamp="2024-04-08T16:57:10" hostname="DESKTOP-M6NQQR2" time="1.112">
  <properties/>
  <testcase name="regWithBoundaryValue10NicknameTest" classname="com.learn.RAtests.UserController.RegistrationTests" time="0.126"/>
  <testcase name="regWithBoundaryValue3NicknameTest" classname="com.learn.RAtests.UserController.RegistrationTests" time="0.137"/>
  <testcase name="regWithBoundaryValue8PasswordTest" classname="com.learn.RAtests.UserController.RegistrationTests" time="0.123"/>
  <testcase name="regWithEmptyEmailNegTest" classname="com.learn.RAtests.UserController.RegistrationTests" time="0.021"/>
  <testcase name="regWithEmptyNicknameNegTest" classname="com.learn.RAtests.UserController.RegistrationTests" time="0.015"/>
  <testcase name="regWithEmptyPasswordNegTest" classname="com.learn.RAtests.UserController.RegistrationTests" time="0.019"/>
  <testcase name="regWithExEmailNegTest" classname="com.learn.RAtests.UserController.RegistrationTests" time="0.124"/>
  <testcase name="regWithExNicknameNegTest" classname="com.learn.RAtests.UserController.RegistrationTests" time="0.113"/>
  <testcase name="regWithInvalidNicknameNegTest" classname="com.learn.RAtests.UserController.RegistrationTests" time="0.015"/>
  <testcase name="regWithLongLengthNicknameNegTest" classname="com.learn.RAtests.UserController.RegistrationTests" time="0.015"/>
  <testcase name="regWithOnlyInvalidSymbolNicknameNegTest" classname="com.learn.RAtests.UserController.RegistrationTests" time="0.015"/>
  <testcase name="regWithOnlyInvalidSymbolsPasswordNegTest" classname="com.learn.RAtests.UserController.RegistrationTests" time="0.013"/>
  <testcase name="regWithOnlyLettersPasswordNegTest" classname="com.learn.RAtests.UserController.RegistrationTests" time="0.016"/>
  <testcase name="regWithOnlyLowercasePasswordNegTest" classname="com.learn.RAtests.UserController.RegistrationTests" time="0.014"/>
  <testcase name="regWithOnlyNumbersNicknameNegTest" classname="com.learn.RAtests.UserController.RegistrationTests" time="0.02"/>
  <testcase name="regWithOnlyNumbersPasswordNegTest" classname="com.learn.RAtests.UserController.RegistrationTests" time="0.016"/>
  <testcase name="regWithOnlyUppercasePasswordNegTest" classname="com.learn.RAtests.UserController.RegistrationTests" time="0.011"/>
  <testcase name="regWithOnlyValidSymbolsPasswordNegTest" classname="com.learn.RAtests.UserController.RegistrationTests" time="0.012"/>
  <testcase name="regWithShortLength7PasswordNegTest" classname="com.learn.RAtests.UserController.RegistrationTests" time="0.012"/>
  <testcase name="regWithShortLengthNicknameNegTest" classname="com.learn.RAtests.UserController.RegistrationTests" time="0.014"/>
  <testcase name="regWithWrongEmailFormatNegTest" classname="com.learn.RAtests.UserController.RegistrationTests" time="0.012"/>
  <testcase name="regWithoutNumbersPasswordNegTest" classname="com.learn.RAtests.UserController.RegistrationTests" time="0.011"/>
  <testcase name="regWithoutSpecialSymbolPasswordNegTest" classname="com.learn.RAtests.UserController.RegistrationTests" time="0.014"/>
  <testcase name="registrationSuccessTest" classname="com.learn.RAtests.UserController.RegistrationTests" time="0.119"/>
  <testcase name="registrationWithWrongPathTest" classname="com.learn.RAtests.UserController.RegistrationTests" time="0.014"/>
  <system-out><![CDATA[18:57:10.731 [Test worker] INFO  com.learn.RAtests.TestBase -- Start test: regWithBoundaryValue10NicknameTest
{"id":216,"nickname":"Testleng10","email":"lenghtnick15@gmail.com","password":"password is hidden","roles":[{"id":1,"authority":"ROLE_USER"}]}
18:57:10.858 [Test worker] INFO  com.learn.RAtests.TestBase -- PASSED: regWithBoundaryValue10NicknameTest
18:57:10.858 [Test worker] INFO  com.learn.RAtests.TestBase -- Stop test
18:57:10.858 [Test worker] INFO  com.learn.RAtests.TestBase -- *******************************
18:57:10.859 [Test worker] INFO  com.learn.RAtests.TestBase -- Start test: regWithBoundaryValue3NicknameTest
{"id":217,"nickname":"Testleng3","email":"lenghtnick3@gmail.com","password":"password is hidden","roles":[{"id":1,"authority":"ROLE_USER"}]}
18:57:10.998 [Test worker] INFO  com.learn.RAtests.TestBase -- PASSED: regWithBoundaryValue3NicknameTest
18:57:10.998 [Test worker] INFO  com.learn.RAtests.TestBase -- Stop test
18:57:10.998 [Test worker] INFO  com.learn.RAtests.TestBase -- *******************************
18:57:11.001 [Test worker] INFO  com.learn.RAtests.TestBase -- Start test: regWithBoundaryValue8PasswordTest
{"id":218,"nickname":"Testpass8","email":"lenghtpswd8@gmail.com","password":"password is hidden","roles":[{"id":1,"authority":"ROLE_USER"}]}
18:57:11.126 [Test worker] INFO  com.learn.RAtests.TestBase -- PASSED: regWithBoundaryValue8PasswordTest
18:57:11.126 [Test worker] INFO  com.learn.RAtests.TestBase -- Stop test
18:57:11.126 [Test worker] INFO  com.learn.RAtests.TestBase -- *******************************
18:57:11.129 [Test worker] INFO  com.learn.RAtests.TestBase -- Start test: regWithEmptyEmailNegTest
Response body: Validation failed for argument [0] in public de.aittr.online_lessons.domain.dto.UserDto de.aittr.online_lessons.controllers.UserController.register(de.aittr.online_lessons.domain.dto.UserDto): [Field error in object 'userDto' on field 'email': rejected value []; codes [NotBlank.userDto.email,NotBlank.email,NotBlank.java.lang.String,NotBlank]; arguments [org.springframework.context.support.DefaultMessageSourceResolvable: codes [userDto.email,email]; arguments []; default message [email]]; default message [must not be blank]] 
18:57:11.151 [Test worker] INFO  com.learn.RAtests.TestBase -- PASSED: regWithEmptyEmailNegTest
18:57:11.151 [Test worker] INFO  com.learn.RAtests.TestBase -- Stop test
18:57:11.152 [Test worker] INFO  com.learn.RAtests.TestBase -- *******************************
18:57:11.155 [Test worker] INFO  com.learn.RAtests.TestBase -- Start test: regWithEmptyNicknameNegTest
Response body: Validation failed for argument [0] in public de.aittr.online_lessons.domain.dto.UserDto de.aittr.online_lessons.controllers.UserController.register(de.aittr.online_lessons.domain.dto.UserDto): [Field error in object 'userDto' on field 'nickname': rejected value []; codes [Pattern.userDto.nickname,Pattern.nickname,Pattern.java.lang.String,Pattern]; arguments [org.springframework.context.support.DefaultMessageSourceResolvable: codes [userDto.nickname,nickname]; arguments []; default message [nickname],[Ljakarta.validation.constraints.Pattern$Flag;@25fe4c67,^(?![\d-]+$)(?=(?:[^a-zA-Z]*[a-zA-Z]){3})[a-zA-Z0-9_-]{3,10}$]; default message [Invalid nickname format]] 
18:57:11.172 [Test worker] INFO  com.learn.RAtests.TestBase -- PASSED: regWithEmptyNicknameNegTest
18:57:11.172 [Test worker] INFO  com.learn.RAtests.TestBase -- Stop test
18:57:11.172 [Test worker] INFO  com.learn.RAtests.TestBase -- *******************************
18:57:11.174 [Test worker] INFO  com.learn.RAtests.TestBase -- Start test: regWithEmptyPasswordNegTest
Response body: Validation failed for argument [0] in public de.aittr.online_lessons.domain.dto.UserDto de.aittr.online_lessons.controllers.UserController.register(de.aittr.online_lessons.domain.dto.UserDto): [Field error in object 'userDto' on field 'password': rejected value []; codes [Pattern.userDto.password,Pattern.password,Pattern.java.lang.String,Pattern]; arguments [org.springframework.context.support.DefaultMessageSourceResolvable: codes [userDto.password,password]; arguments []; default message [password],[Ljakarta.validation.constraints.Pattern$Flag;@25fe4c67,^(?=.*[0-9])(?=.*[a-z])(?=.*[A-Z])(?=.*[!$#%])[a-zA-Z0-9!$#%]{8,}$]; default message [Invalid password format]] 
18:57:11.195 [Test worker] INFO  com.learn.RAtests.TestBase -- PASSED: regWithEmptyPasswordNegTest
18:57:11.195 [Test worker] INFO  com.learn.RAtests.TestBase -- Stop test
18:57:11.196 [Test worker] INFO  com.learn.RAtests.TestBase -- *******************************
18:57:11.198 [Test worker] INFO  com.learn.RAtests.TestBase -- Start test: regWithExEmailNegTest
Response body: User with this email already exists
18:57:11.323 [Test worker] INFO  com.learn.RAtests.TestBase -- PASSED: regWithExEmailNegTest
18:57:11.323 [Test worker] INFO  com.learn.RAtests.TestBase -- Stop test
18:57:11.323 [Test worker] INFO  com.learn.RAtests.TestBase -- *******************************
18:57:11.325 [Test worker] INFO  com.learn.RAtests.TestBase -- Start test: regWithExNicknameNegTest
Response body: This nickname is already taken
18:57:11.440 [Test worker] INFO  com.learn.RAtests.TestBase -- PASSED: regWithExNicknameNegTest
18:57:11.441 [Test worker] INFO  com.learn.RAtests.TestBase -- Stop test
18:57:11.441 [Test worker] INFO  com.learn.RAtests.TestBase -- *******************************
18:57:11.443 [Test worker] INFO  com.learn.RAtests.TestBase -- Start test: regWithInvalidNicknameNegTest
Response body: Validation failed for argument [0] in public de.aittr.online_lessons.domain.dto.UserDto de.aittr.online_lessons.controllers.UserController.register(de.aittr.online_lessons.domain.dto.UserDto): [Field error in object 'userDto' on field 'nickname': rejected value [Test123%$]; codes [Pattern.userDto.nickname,Pattern.nickname,Pattern.java.lang.String,Pattern]; arguments [org.springframework.context.support.DefaultMessageSourceResolvable: codes [userDto.nickname,nickname]; arguments []; default message [nickname],[Ljakarta.validation.constraints.Pattern$Flag;@25fe4c67,^(?![\d-]+$)(?=(?:[^a-zA-Z]*[a-zA-Z]){3})[a-zA-Z0-9_-]{3,10}$]; default message [Invalid nickname format]] 
18:57:11.458 [Test worker] INFO  com.learn.RAtests.TestBase -- PASSED: regWithInvalidNicknameNegTest
18:57:11.459 [Test worker] INFO  com.learn.RAtests.TestBase -- Stop test
18:57:11.459 [Test worker] INFO  com.learn.RAtests.TestBase -- *******************************
18:57:11.461 [Test worker] INFO  com.learn.RAtests.TestBase -- Start test: regWithLongLengthNicknameNegTest
Response body: Validation failed for argument [0] in public de.aittr.online_lessons.domain.dto.UserDto de.aittr.online_lessons.controllers.UserController.register(de.aittr.online_lessons.domain.dto.UserDto): [Field error in object 'userDto' on field 'nickname': rejected value [Testlongnic]; codes [Pattern.userDto.nickname,Pattern.nickname,Pattern.java.lang.String,Pattern]; arguments [org.springframework.context.support.DefaultMessageSourceResolvable: codes [userDto.nickname,nickname]; arguments []; default message [nickname],[Ljakarta.validation.constraints.Pattern$Flag;@25fe4c67,^(?![\d-]+$)(?=(?:[^a-zA-Z]*[a-zA-Z]){3})[a-zA-Z0-9_-]{3,10}$]; default message [Invalid nickname format]] 
18:57:11.477 [Test worker] INFO  com.learn.RAtests.TestBase -- PASSED: regWithLongLengthNicknameNegTest
18:57:11.477 [Test worker] INFO  com.learn.RAtests.TestBase -- Stop test
18:57:11.478 [Test worker] INFO  com.learn.RAtests.TestBase -- *******************************
18:57:11.480 [Test worker] INFO  com.learn.RAtests.TestBase -- Start test: regWithOnlyInvalidSymbolNicknameNegTest
Response body: Validation failed for argument [0] in public de.aittr.online_lessons.domain.dto.UserDto de.aittr.online_lessons.controllers.UserController.register(de.aittr.online_lessons.domain.dto.UserDto): [Field error in object 'userDto' on field 'nickname': rejected value [*#$%)]; codes [Pattern.userDto.nickname,Pattern.nickname,Pattern.java.lang.String,Pattern]; arguments [org.springframework.context.support.DefaultMessageSourceResolvable: codes [userDto.nickname,nickname]; arguments []; default message [nickname],[Ljakarta.validation.constraints.Pattern$Flag;@25fe4c67,^(?![\d-]+$)(?=(?:[^a-zA-Z]*[a-zA-Z]){3})[a-zA-Z0-9_-]{3,10}$]; default message [Invalid nickname format]] 
18:57:11.496 [Test worker] INFO  com.learn.RAtests.TestBase -- PASSED: regWithOnlyInvalidSymbolNicknameNegTest
18:57:11.496 [Test worker] INFO  com.learn.RAtests.TestBase -- Stop test
18:57:11.496 [Test worker] INFO  com.learn.RAtests.TestBase -- *******************************
18:57:11.498 [Test worker] INFO  com.learn.RAtests.TestBase -- Start test: regWithOnlyInvalidSymbolsPasswordNegTest
Response body: Validation failed for argument [0] in public de.aittr.online_lessons.domain.dto.UserDto de.aittr.online_lessons.controllers.UserController.register(de.aittr.online_lessons.domain.dto.UserDto): [Field error in object 'userDto' on field 'password': rejected value [*@,.)&?-=]; codes [Pattern.userDto.password,Pattern.password,Pattern.java.lang.String,Pattern]; arguments [org.springframework.context.support.DefaultMessageSourceResolvable: codes [userDto.password,password]; arguments []; default message [password],[Ljakarta.validation.constraints.Pattern$Flag;@25fe4c67,^(?=.*[0-9])(?=.*[a-z])(?=.*[A-Z])(?=.*[!$#%])[a-zA-Z0-9!$#%]{8,}$]; default message [Invalid password format]] 
18:57:11.513 [Test worker] INFO  com.learn.RAtests.TestBase -- PASSED: regWithOnlyInvalidSymbolsPasswordNegTest
18:57:11.513 [Test worker] INFO  com.learn.RAtests.TestBase -- Stop test
18:57:11.514 [Test worker] INFO  com.learn.RAtests.TestBase -- *******************************
18:57:11.516 [Test worker] INFO  com.learn.RAtests.TestBase -- Start test: regWithOnlyLettersPasswordNegTest
Response body: Validation failed for argument [0] in public de.aittr.online_lessons.domain.dto.UserDto de.aittr.online_lessons.controllers.UserController.register(de.aittr.online_lessons.domain.dto.UserDto): [Field error in object 'userDto' on field 'password': rejected value [Ekaterina]; codes [Pattern.userDto.password,Pattern.password,Pattern.java.lang.String,Pattern]; arguments [org.springframework.context.support.DefaultMessageSourceResolvable: codes [userDto.password,password]; arguments []; default message [password],[Ljakarta.validation.constraints.Pattern$Flag;@25fe4c67,^(?=.*[0-9])(?=.*[a-z])(?=.*[A-Z])(?=.*[!$#%])[a-zA-Z0-9!$#%]{8,}$]; default message [Invalid password format]] 
18:57:11.533 [Test worker] INFO  com.learn.RAtests.TestBase -- PASSED: regWithOnlyLettersPasswordNegTest
18:57:11.533 [Test worker] INFO  com.learn.RAtests.TestBase -- Stop test
18:57:11.533 [Test worker] INFO  com.learn.RAtests.TestBase -- *******************************
18:57:11.536 [Test worker] INFO  com.learn.RAtests.TestBase -- Start test: regWithOnlyLowercasePasswordNegTest
Response body: Validation failed for argument [0] in public de.aittr.online_lessons.domain.dto.UserDto de.aittr.online_lessons.controllers.UserController.register(de.aittr.online_lessons.domain.dto.UserDto): [Field error in object 'userDto' on field 'password': rejected value [ekaterina1!]; codes [Pattern.userDto.password,Pattern.password,Pattern.java.lang.String,Pattern]; arguments [org.springframework.context.support.DefaultMessageSourceResolvable: codes [userDto.password,password]; arguments []; default message [password],[Ljakarta.validation.constraints.Pattern$Flag;@25fe4c67,^(?=.*[0-9])(?=.*[a-z])(?=.*[A-Z])(?=.*[!$#%])[a-zA-Z0-9!$#%]{8,}$]; default message [Invalid password format]] 
18:57:11.552 [Test worker] INFO  com.learn.RAtests.TestBase -- PASSED: regWithOnlyLowercasePasswordNegTest
18:57:11.553 [Test worker] INFO  com.learn.RAtests.TestBase -- Stop test
18:57:11.553 [Test worker] INFO  com.learn.RAtests.TestBase -- *******************************
18:57:11.556 [Test worker] INFO  com.learn.RAtests.TestBase -- Start test: regWithOnlyNumbersNicknameNegTest
Response body: Validation failed for argument [0] in public de.aittr.online_lessons.domain.dto.UserDto de.aittr.online_lessons.controllers.UserController.register(de.aittr.online_lessons.domain.dto.UserDto): [Field error in object 'userDto' on field 'nickname': rejected value [123]; codes [Pattern.userDto.nickname,Pattern.nickname,Pattern.java.lang.String,Pattern]; arguments [org.springframework.context.support.DefaultMessageSourceResolvable: codes [userDto.nickname,nickname]; arguments []; default message [nickname],[Ljakarta.validation.constraints.Pattern$Flag;@25fe4c67,^(?![\d-]+$)(?=(?:[^a-zA-Z]*[a-zA-Z]){3})[a-zA-Z0-9_-]{3,10}$]; default message [Invalid nickname format]] 
18:57:11.577 [Test worker] INFO  com.learn.RAtests.TestBase -- PASSED: regWithOnlyNumbersNicknameNegTest
18:57:11.578 [Test worker] INFO  com.learn.RAtests.TestBase -- Stop test
18:57:11.578 [Test worker] INFO  com.learn.RAtests.TestBase -- *******************************
18:57:11.580 [Test worker] INFO  com.learn.RAtests.TestBase -- Start test: regWithOnlyNumbersPasswordNegTest
Response body: Validation failed for argument [0] in public de.aittr.online_lessons.domain.dto.UserDto de.aittr.online_lessons.controllers.UserController.register(de.aittr.online_lessons.domain.dto.UserDto): [Field error in object 'userDto' on field 'password': rejected value [12345678]; codes [Pattern.userDto.password,Pattern.password,Pattern.java.lang.String,Pattern]; arguments [org.springframework.context.support.DefaultMessageSourceResolvable: codes [userDto.password,password]; arguments []; default message [password],[Ljakarta.validation.constraints.Pattern$Flag;@25fe4c67,^(?=.*[0-9])(?=.*[a-z])(?=.*[A-Z])(?=.*[!$#%])[a-zA-Z0-9!$#%]{8,}$]; default message [Invalid password format]] 
18:57:11.597 [Test worker] INFO  com.learn.RAtests.TestBase -- PASSED: regWithOnlyNumbersPasswordNegTest
18:57:11.597 [Test worker] INFO  com.learn.RAtests.TestBase -- Stop test
18:57:11.597 [Test worker] INFO  com.learn.RAtests.TestBase -- *******************************
18:57:11.598 [Test worker] INFO  com.learn.RAtests.TestBase -- Start test: regWithOnlyUppercasePasswordNegTest
Response body: Validation failed for argument [0] in public de.aittr.online_lessons.domain.dto.UserDto de.aittr.online_lessons.controllers.UserController.register(de.aittr.online_lessons.domain.dto.UserDto): [Field error in object 'userDto' on field 'password': rejected value [EKATERINA1!]; codes [Pattern.userDto.password,Pattern.password,Pattern.java.lang.String,Pattern]; arguments [org.springframework.context.support.DefaultMessageSourceResolvable: codes [userDto.password,password]; arguments []; default message [password],[Ljakarta.validation.constraints.Pattern$Flag;@25fe4c67,^(?=.*[0-9])(?=.*[a-z])(?=.*[A-Z])(?=.*[!$#%])[a-zA-Z0-9!$#%]{8,}$]; default message [Invalid password format]] 
18:57:11.611 [Test worker] INFO  com.learn.RAtests.TestBase -- PASSED: regWithOnlyUppercasePasswordNegTest
18:57:11.611 [Test worker] INFO  com.learn.RAtests.TestBase -- Stop test
18:57:11.611 [Test worker] INFO  com.learn.RAtests.TestBase -- *******************************
18:57:11.613 [Test worker] INFO  com.learn.RAtests.TestBase -- Start test: regWithOnlyValidSymbolsPasswordNegTest
Response body: Validation failed for argument [0] in public de.aittr.online_lessons.domain.dto.UserDto de.aittr.online_lessons.controllers.UserController.register(de.aittr.online_lessons.domain.dto.UserDto): [Field error in object 'userDto' on field 'password': rejected value [!$#%!$#%]; codes [Pattern.userDto.password,Pattern.password,Pattern.java.lang.String,Pattern]; arguments [org.springframework.context.support.DefaultMessageSourceResolvable: codes [userDto.password,password]; arguments []; default message [password],[Ljakarta.validation.constraints.Pattern$Flag;@25fe4c67,^(?=.*[0-9])(?=.*[a-z])(?=.*[A-Z])(?=.*[!$#%])[a-zA-Z0-9!$#%]{8,}$]; default message [Invalid password format]] 
18:57:11.626 [Test worker] INFO  com.learn.RAtests.TestBase -- PASSED: regWithOnlyValidSymbolsPasswordNegTest
18:57:11.626 [Test worker] INFO  com.learn.RAtests.TestBase -- Stop test
18:57:11.626 [Test worker] INFO  com.learn.RAtests.TestBase -- *******************************
18:57:11.627 [Test worker] INFO  com.learn.RAtests.TestBase -- Start test: regWithShortLength7PasswordNegTest
Response body: Validation failed for argument [0] in public de.aittr.online_lessons.domain.dto.UserDto de.aittr.online_lessons.controllers.UserController.register(de.aittr.online_lessons.domain.dto.UserDto): [Field error in object 'userDto' on field 'password': rejected value [Ekate1!]; codes [Pattern.userDto.password,Pattern.password,Pattern.java.lang.String,Pattern]; arguments [org.springframework.context.support.DefaultMessageSourceResolvable: codes [userDto.password,password]; arguments []; default message [password],[Ljakarta.validation.constraints.Pattern$Flag;@25fe4c67,^(?=.*[0-9])(?=.*[a-z])(?=.*[A-Z])(?=.*[!$#%])[a-zA-Z0-9!$#%]{8,}$]; default message [Invalid password format]] 
18:57:11.641 [Test worker] INFO  com.learn.RAtests.TestBase -- PASSED: regWithShortLength7PasswordNegTest
18:57:11.641 [Test worker] INFO  com.learn.RAtests.TestBase -- Stop test
18:57:11.641 [Test worker] INFO  com.learn.RAtests.TestBase -- *******************************
18:57:11.642 [Test worker] INFO  com.learn.RAtests.TestBase -- Start test: regWithShortLengthNicknameNegTest
Response body: Validation failed for argument [0] in public de.aittr.online_lessons.domain.dto.UserDto de.aittr.online_lessons.controllers.UserController.register(de.aittr.online_lessons.domain.dto.UserDto): [Field error in object 'userDto' on field 'nickname': rejected value [Te]; codes [Pattern.userDto.nickname,Pattern.nickname,Pattern.java.lang.String,Pattern]; arguments [org.springframework.context.support.DefaultMessageSourceResolvable: codes [userDto.nickname,nickname]; arguments []; default message [nickname],[Ljakarta.validation.constraints.Pattern$Flag;@25fe4c67,^(?![\d-]+$)(?=(?:[^a-zA-Z]*[a-zA-Z]){3})[a-zA-Z0-9_-]{3,10}$]; default message [Invalid nickname format]] 
18:57:11.657 [Test worker] INFO  com.learn.RAtests.TestBase -- PASSED: regWithShortLengthNicknameNegTest
18:57:11.657 [Test worker] INFO  com.learn.RAtests.TestBase -- Stop test
18:57:11.657 [Test worker] INFO  com.learn.RAtests.TestBase -- *******************************
18:57:11.659 [Test worker] INFO  com.learn.RAtests.TestBase -- Start test: regWithWrongEmailFormatNegTest
Response body: Validation failed for argument [0] in public de.aittr.online_lessons.domain.dto.UserDto de.aittr.online_lessons.controllers.UserController.register(de.aittr.online_lessons.domain.dto.UserDto): [Field error in object 'userDto' on field 'email': rejected value [allalala.com]; codes [Email.userDto.email,Email.email,Email.java.lang.String,Email]; arguments [org.springframework.context.support.DefaultMessageSourceResolvable: codes [userDto.email,email]; arguments []; default message [email],[Ljakarta.validation.constraints.Pattern$Flag;@63a94902,.*]; default message [must be a well-formed email address]] 
18:57:11.672 [Test worker] INFO  com.learn.RAtests.TestBase -- PASSED: regWithWrongEmailFormatNegTest
18:57:11.672 [Test worker] INFO  com.learn.RAtests.TestBase -- Stop test
18:57:11.672 [Test worker] INFO  com.learn.RAtests.TestBase -- *******************************
18:57:11.673 [Test worker] INFO  com.learn.RAtests.TestBase -- Start test: regWithoutNumbersPasswordNegTest
Response body: Validation failed for argument [0] in public de.aittr.online_lessons.domain.dto.UserDto de.aittr.online_lessons.controllers.UserController.register(de.aittr.online_lessons.domain.dto.UserDto): [Field error in object 'userDto' on field 'password': rejected value [Ekaterina!]; codes [Pattern.userDto.password,Pattern.password,Pattern.java.lang.String,Pattern]; arguments [org.springframework.context.support.DefaultMessageSourceResolvable: codes [userDto.password,password]; arguments []; default message [password],[Ljakarta.validation.constraints.Pattern$Flag;@25fe4c67,^(?=.*[0-9])(?=.*[a-z])(?=.*[A-Z])(?=.*[!$#%])[a-zA-Z0-9!$#%]{8,}$]; default message [Invalid password format]] 
18:57:11.686 [Test worker] INFO  com.learn.RAtests.TestBase -- PASSED: regWithoutNumbersPasswordNegTest
18:57:11.686 [Test worker] INFO  com.learn.RAtests.TestBase -- Stop test
18:57:11.686 [Test worker] INFO  com.learn.RAtests.TestBase -- *******************************
18:57:11.688 [Test worker] INFO  com.learn.RAtests.TestBase -- Start test: regWithoutSpecialSymbolPasswordNegTest
Response body: Validation failed for argument [0] in public de.aittr.online_lessons.domain.dto.UserDto de.aittr.online_lessons.controllers.UserController.register(de.aittr.online_lessons.domain.dto.UserDto): [Field error in object 'userDto' on field 'password': rejected value [Ekaterina123]; codes [Pattern.userDto.password,Pattern.password,Pattern.java.lang.String,Pattern]; arguments [org.springframework.context.support.DefaultMessageSourceResolvable: codes [userDto.password,password]; arguments []; default message [password],[Ljakarta.validation.constraints.Pattern$Flag;@25fe4c67,^(?=.*[0-9])(?=.*[a-z])(?=.*[A-Z])(?=.*[!$#%])[a-zA-Z0-9!$#%]{8,}$]; default message [Invalid password format]] 
18:57:11.703 [Test worker] INFO  com.learn.RAtests.TestBase -- PASSED: regWithoutSpecialSymbolPasswordNegTest
18:57:11.703 [Test worker] INFO  com.learn.RAtests.TestBase -- Stop test
18:57:11.704 [Test worker] INFO  com.learn.RAtests.TestBase -- *******************************
18:57:11.705 [Test worker] INFO  com.learn.RAtests.TestBase -- Start test: registrationSuccessTest
UserDto(id=219, nickname=TestReg, email=testregpos@gmail.com, password=password is hidden, roles=[Role(id=1, authority=ROLE_USER)])
18:57:11.825 [Test worker] INFO  com.learn.RAtests.TestBase -- PASSED: registrationSuccessTest
18:57:11.826 [Test worker] INFO  com.learn.RAtests.TestBase -- Stop test
18:57:11.826 [Test worker] INFO  com.learn.RAtests.TestBase -- *******************************
18:57:11.828 [Test worker] INFO  com.learn.RAtests.TestBase -- Start test: registrationWithWrongPathTest
{"timestamp":"2024-04-08T16:57:11.841+00:00","status":404,"error":"Not Found","path":"/api/users/reg"}
18:57:11.843 [Test worker] INFO  com.learn.RAtests.TestBase -- PASSED: registrationWithWrongPathTest
18:57:11.844 [Test worker] INFO  com.learn.RAtests.TestBase -- Stop test
18:57:11.844 [Test worker] INFO  com.learn.RAtests.TestBase -- *******************************
]]></system-out>
  <system-err><![CDATA[]]></system-err>
</testsuite>
