<?xml version="1.0" encoding="UTF-8"?>
<testsuite name="com.learn.RAtests.UserController.AccountInfoTests" tests="4" skipped="0" failures="0" errors="0" timestamp="2024-04-08T16:57:09" hostname="DESKTOP-M6NQQR2" time="0.301">
  <properties/>
  <testcase name="getAllContactsSuccessTest" classname="com.learn.RAtests.UserController.AccountInfoTests" time="0.156"/>
  <testcase name="getUserInfoForNotExistUserNegTest" classname="com.learn.RAtests.UserController.AccountInfoTests" time="0.02"/>
  <testcase name="getUserInfoWithoutAUTHTest" classname="com.learn.RAtests.UserController.AccountInfoTests" time="0.021"/>
  <testcase name="getUsersInfoWithWrongPath" classname="com.learn.RAtests.UserController.AccountInfoTests" time="0.03"/>
  <system-out><![CDATA[18:57:09.665 [Test worker] INFO  com.learn.RAtests.TestBase -- Start test: getAllContactsSuccessTest
UserDto(id=3, nickname=Test1, email=test1@gmail.com, password=password is hidden, roles=[Role(id=1, authority=ROLE_USER)])
18:57:09.823 [Test worker] INFO  com.learn.RAtests.TestBase -- PASSED: getAllContactsSuccessTest
18:57:09.824 [Test worker] INFO  com.learn.RAtests.TestBase -- Stop test
18:57:09.825 [Test worker] INFO  com.learn.RAtests.TestBase -- *******************************
18:57:09.827 [Test worker] INFO  com.learn.RAtests.TestBase -- Start test: getAuthInfoWithInvalidPathNegTest
User with this username not found
18:57:09.906 [Test worker] INFO  com.learn.RAtests.TestBase -- PASSED: getUserInfoForNotExistUserNegTest
18:57:09.907 [Test worker] INFO  com.learn.RAtests.TestBase -- Stop test
18:57:09.907 [Test worker] INFO  com.learn.RAtests.TestBase -- *******************************
18:57:09.910 [Test worker] INFO  com.learn.RAtests.TestBase -- Start test: getUserInfoWithoutAUTHTest
Forbidden 403
18:57:09.934 [Test worker] INFO  com.learn.RAtests.TestBase -- PASSED: getUserInfoWithoutAUTHTest
18:57:09.934 [Test worker] INFO  com.learn.RAtests.TestBase -- Stop test
18:57:09.934 [Test worker] INFO  com.learn.RAtests.TestBase -- *******************************
18:57:09.937 [Test worker] INFO  com.learn.RAtests.TestBase -- Start test: getUsersInfoWithWrongPath
{"timestamp":"2024-04-08T16:57:09.964+00:00","status":404,"error":"Not Found","path":"/api/users/info/Test1"}
18:57:09.968 [Test worker] INFO  com.learn.RAtests.TestBase -- PASSED: getUsersInfoWithWrongPath
18:57:09.969 [Test worker] INFO  com.learn.RAtests.TestBase -- Stop test
18:57:09.969 [Test worker] INFO  com.learn.RAtests.TestBase -- *******************************
]]></system-out>
  <system-err><![CDATA[]]></system-err>
</testsuite>
