<?xml version="1.0" encoding="UTF-8"?>
<testsuite name="com.learn.RAtests.UserController.RegistrationTests" tests="26" skipped="0" failures="0" errors="0" timestamp="2024-04-08T14:27:01" hostname="DESKTOP-M6NQQR2" time="0.982">
  <properties/>
  <testcase name="regWithBoundaryValue10NicknameTest" classname="com.learn.RAtests.UserController.RegistrationTests" time="0.124"/>
  <testcase name="regWithBoundaryValue3NicknameTest" classname="com.learn.RAtests.UserController.RegistrationTests" time="0.085"/>
  <testcase name="regWithBoundaryValue8PasswordTest" classname="com.learn.RAtests.UserController.RegistrationTests" time="0.076"/>
  <testcase name="regWithEmptyEmailNegTest" classname="com.learn.RAtests.UserController.RegistrationTests" time="0.027"/>
  <testcase name="regWithEmptyNicknameNegTest" classname="com.learn.RAtests.UserController.RegistrationTests" time="0.01"/>
  <testcase name="regWithEmptyPasswordNegTest" classname="com.learn.RAtests.UserController.RegistrationTests" time="0.011"/>
  <testcase name="regWithExEmailNegTest" classname="com.learn.RAtests.UserController.RegistrationTests" time="0.074"/>
  <testcase name="regWithExNicknameNegTest" classname="com.learn.RAtests.UserController.RegistrationTests" time="0.077"/>
  <testcase name="regWithInvalidNicknameNegTest" classname="com.learn.RAtests.UserController.RegistrationTests" time="0.01"/>
  <testcase name="regWithLongLengthNicknameNegTest" classname="com.learn.RAtests.UserController.RegistrationTests" time="0.01"/>
  <testcase name="regWithOnlyInvalidSymbolNicknameNegTest" classname="com.learn.RAtests.UserController.RegistrationTests" time="0.012"/>
  <testcase name="regWithOnlyInvalidSymbolsPasswordNegTest" classname="com.learn.RAtests.UserController.RegistrationTests" time="0.01"/>
  <testcase name="regWithOnlyLettersPasswordNegTest" classname="com.learn.RAtests.UserController.RegistrationTests" time="0.009"/>
  <testcase name="regWithOnlyLowercasePasswordNegTest" classname="com.learn.RAtests.UserController.RegistrationTests" time="0.008"/>
  <testcase name="regWithOnlyNumbersNicknameNegTest" classname="com.learn.RAtests.UserController.RegistrationTests" time="0.009"/>
  <testcase name="regWithOnlyNumbersPasswordNegTest" classname="com.learn.RAtests.UserController.RegistrationTests" time="0.009"/>
  <testcase name="regWithOnlyUppercasePasswordNegTest" classname="com.learn.RAtests.UserController.RegistrationTests" time="0.01"/>
  <testcase name="regWithOnlyValidSymbolsPasswordNegTest" classname="com.learn.RAtests.UserController.RegistrationTests" time="0.009"/>
  <testcase name="regWithShortLength7PasswordNegTest" classname="com.learn.RAtests.UserController.RegistrationTests" time="0.009"/>
  <testcase name="regWithShortLengthNicknameNegTest" classname="com.learn.RAtests.UserController.RegistrationTests" time="0.016"/>
  <testcase name="regWithWrongEmailFormatNegTest" classname="com.learn.RAtests.UserController.RegistrationTests" time="0.017"/>
  <testcase name="regWithoutNumbersPasswordNegTest" classname="com.learn.RAtests.UserController.RegistrationTests" time="0.01"/>
  <testcase name="regWithoutSpecialSymbolPasswordNegTest" classname="com.learn.RAtests.UserController.RegistrationTests" time="0.01"/>
  <testcase name="registrationSuccessTest" classname="com.learn.RAtests.UserController.RegistrationTests" time="0.088"/>
  <testcase name="registrationWithWrongPathTest" classname="com.learn.RAtests.UserController.RegistrationTests" time="0.012"/>
  <testcase name="responseTimeIsLessThan500msTest" classname="com.learn.RAtests.UserController.RegistrationTests" time="0.077"/>
  <system-out><![CDATA[16:27:01.175 [Test worker] INFO  com.learn.RAtests.TestBase -- Start test: regWithBoundaryValue10NicknameTest
{"id":188,"nickname":"Testleng10","email":"lenghtnick15@gmail.com","password":"password is hidden","roles":[{"id":1,"authority":"ROLE_USER"}]}
16:27:01.300 [Test worker] INFO  com.learn.RAtests.TestBase -- PASSED: regWithBoundaryValue10NicknameTest
16:27:01.300 [Test worker] INFO  com.learn.RAtests.TestBase -- Stop test
16:27:01.300 [Test worker] INFO  com.learn.RAtests.TestBase -- *******************************
16:27:01.301 [Test worker] INFO  com.learn.RAtests.TestBase -- Start test: regWithBoundaryValue3NicknameTest
{"id":189,"nickname":"Testleng3","email":"lenghtnick3@gmail.com","password":"password is hidden","roles":[{"id":1,"authority":"ROLE_USER"}]}
16:27:01.387 [Test worker] INFO  com.learn.RAtests.TestBase -- PASSED: regWithBoundaryValue3NicknameTest
16:27:01.387 [Test worker] INFO  com.learn.RAtests.TestBase -- Stop test
16:27:01.387 [Test worker] INFO  com.learn.RAtests.TestBase -- *******************************
16:27:01.388 [Test worker] INFO  com.learn.RAtests.TestBase -- Start test: regWithBoundaryValue8PasswordTest
{"id":190,"nickname":"Testpass8","email":"lenghtpswd8@gmail.com","password":"password is hidden","roles":[{"id":1,"authority":"ROLE_USER"}]}
16:27:01.466 [Test worker] INFO  com.learn.RAtests.TestBase -- PASSED: regWithBoundaryValue8PasswordTest
16:27:01.466 [Test worker] INFO  com.learn.RAtests.TestBase -- Stop test
16:27:01.466 [Test worker] INFO  com.learn.RAtests.TestBase -- *******************************
16:27:01.468 [Test worker] INFO  com.learn.RAtests.TestBase -- Start test: regWithEmptyEmailNegTest
Response body: Validation failed for argument [0] in public de.aittr.online_lessons.domain.dto.UserDto de.aittr.online_lessons.controllers.UserController.register(de.aittr.online_lessons.domain.dto.UserDto): [Field error in object 'userDto' on field 'email': rejected value []; codes [NotBlank.userDto.email,NotBlank.email,NotBlank.java.lang.String,NotBlank]; arguments [org.springframework.context.support.DefaultMessageSourceResolvable: codes [userDto.email,email]; arguments []; default message [email]]; default message [must not be blank]] 
16:27:01.496 [Test worker] INFO  com.learn.RAtests.TestBase -- PASSED: regWithEmptyEmailNegTest
16:27:01.496 [Test worker] INFO  com.learn.RAtests.TestBase -- Stop test
16:27:01.496 [Test worker] INFO  com.learn.RAtests.TestBase -- *******************************
16:27:01.497 [Test worker] INFO  com.learn.RAtests.TestBase -- Start test: regWithEmptyNicknameNegTest
Response body: Validation failed for argument [0] in public de.aittr.online_lessons.domain.dto.UserDto de.aittr.online_lessons.controllers.UserController.register(de.aittr.online_lessons.domain.dto.UserDto): [Field error in object 'userDto' on field 'nickname': rejected value []; codes [Pattern.userDto.nickname,Pattern.nickname,Pattern.java.lang.String,Pattern]; arguments [org.springframework.context.support.DefaultMessageSourceResolvable: codes [userDto.nickname,nickname]; arguments []; default message [nickname],[Ljakarta.validation.constraints.Pattern$Flag;@25fe4c67,^(?![\d-]+$)(?=(?:[^a-zA-Z]*[a-zA-Z]){3})[a-zA-Z0-9_-]{3,10}$]; default message [Invalid nickname format]] 
16:27:01.508 [Test worker] INFO  com.learn.RAtests.TestBase -- PASSED: regWithEmptyNicknameNegTest
16:27:01.508 [Test worker] INFO  com.learn.RAtests.TestBase -- Stop test
16:27:01.508 [Test worker] INFO  com.learn.RAtests.TestBase -- *******************************
16:27:01.509 [Test worker] INFO  com.learn.RAtests.TestBase -- Start test: regWithEmptyPasswordNegTest
Response body: Validation failed for argument [0] in public de.aittr.online_lessons.domain.dto.UserDto de.aittr.online_lessons.controllers.UserController.register(de.aittr.online_lessons.domain.dto.UserDto): [Field error in object 'userDto' on field 'password': rejected value []; codes [Pattern.userDto.password,Pattern.password,Pattern.java.lang.String,Pattern]; arguments [org.springframework.context.support.DefaultMessageSourceResolvable: codes [userDto.password,password]; arguments []; default message [password],[Ljakarta.validation.constraints.Pattern$Flag;@25fe4c67,^(?=.*[0-9])(?=.*[a-z])(?=.*[A-Z])(?=.*[!$#%])[a-zA-Z0-9!$#%]{8,}$]; default message [Invalid password format]] 
16:27:01.522 [Test worker] INFO  com.learn.RAtests.TestBase -- PASSED: regWithEmptyPasswordNegTest
16:27:01.522 [Test worker] INFO  com.learn.RAtests.TestBase -- Stop test
16:27:01.522 [Test worker] INFO  com.learn.RAtests.TestBase -- *******************************
16:27:01.523 [Test worker] INFO  com.learn.RAtests.TestBase -- Start test: regWithExEmailNegTest
Response body: User with this email already exists
16:27:01.599 [Test worker] INFO  com.learn.RAtests.TestBase -- PASSED: regWithExEmailNegTest
16:27:01.599 [Test worker] INFO  com.learn.RAtests.TestBase -- Stop test
16:27:01.599 [Test worker] INFO  com.learn.RAtests.TestBase -- *******************************
16:27:01.600 [Test worker] INFO  com.learn.RAtests.TestBase -- Start test: regWithExNicknameNegTest
Response body: This nickname is already taken
16:27:01.678 [Test worker] INFO  com.learn.RAtests.TestBase -- PASSED: regWithExNicknameNegTest
16:27:01.678 [Test worker] INFO  com.learn.RAtests.TestBase -- Stop test
16:27:01.678 [Test worker] INFO  com.learn.RAtests.TestBase -- *******************************
16:27:01.679 [Test worker] INFO  com.learn.RAtests.TestBase -- Start test: regWithInvalidNicknameNegTest
Response body: Validation failed for argument [0] in public de.aittr.online_lessons.domain.dto.UserDto de.aittr.online_lessons.controllers.UserController.register(de.aittr.online_lessons.domain.dto.UserDto): [Field error in object 'userDto' on field 'nickname': rejected value [Test123%$]; codes [Pattern.userDto.nickname,Pattern.nickname,Pattern.java.lang.String,Pattern]; arguments [org.springframework.context.support.DefaultMessageSourceResolvable: codes [userDto.nickname,nickname]; arguments []; default message [nickname],[Ljakarta.validation.constraints.Pattern$Flag;@25fe4c67,^(?![\d-]+$)(?=(?:[^a-zA-Z]*[a-zA-Z]){3})[a-zA-Z0-9_-]{3,10}$]; default message [Invalid nickname format]] 
16:27:01.692 [Test worker] INFO  com.learn.RAtests.TestBase -- PASSED: regWithInvalidNicknameNegTest
16:27:01.692 [Test worker] INFO  com.learn.RAtests.TestBase -- Stop test
16:27:01.692 [Test worker] INFO  com.learn.RAtests.TestBase -- *******************************
16:27:01.693 [Test worker] INFO  com.learn.RAtests.TestBase -- Start test: regWithLongLengthNicknameNegTest
Response body: Validation failed for argument [0] in public de.aittr.online_lessons.domain.dto.UserDto de.aittr.online_lessons.controllers.UserController.register(de.aittr.online_lessons.domain.dto.UserDto): [Field error in object 'userDto' on field 'nickname': rejected value [Testlongnic]; codes [Pattern.userDto.nickname,Pattern.nickname,Pattern.java.lang.String,Pattern]; arguments [org.springframework.context.support.DefaultMessageSourceResolvable: codes [userDto.nickname,nickname]; arguments []; default message [nickname],[Ljakarta.validation.constraints.Pattern$Flag;@25fe4c67,^(?![\d-]+$)(?=(?:[^a-zA-Z]*[a-zA-Z]){3})[a-zA-Z0-9_-]{3,10}$]; default message [Invalid nickname format]] 
16:27:01.705 [Test worker] INFO  com.learn.RAtests.TestBase -- PASSED: regWithLongLengthNicknameNegTest
16:27:01.705 [Test worker] INFO  com.learn.RAtests.TestBase -- Stop test
16:27:01.705 [Test worker] INFO  com.learn.RAtests.TestBase -- *******************************
16:27:01.706 [Test worker] INFO  com.learn.RAtests.TestBase -- Start test: regWithOnlyInvalidSymbolNicknameNegTest
Response body: Validation failed for argument [0] in public de.aittr.online_lessons.domain.dto.UserDto de.aittr.online_lessons.controllers.UserController.register(de.aittr.online_lessons.domain.dto.UserDto): [Field error in object 'userDto' on field 'nickname': rejected value [*#$%)]; codes [Pattern.userDto.nickname,Pattern.nickname,Pattern.java.lang.String,Pattern]; arguments [org.springframework.context.support.DefaultMessageSourceResolvable: codes [userDto.nickname,nickname]; arguments []; default message [nickname],[Ljakarta.validation.constraints.Pattern$Flag;@25fe4c67,^(?![\d-]+$)(?=(?:[^a-zA-Z]*[a-zA-Z]){3})[a-zA-Z0-9_-]{3,10}$]; default message [Invalid nickname format]] 
16:27:01.718 [Test worker] INFO  com.learn.RAtests.TestBase -- PASSED: regWithOnlyInvalidSymbolNicknameNegTest
16:27:01.718 [Test worker] INFO  com.learn.RAtests.TestBase -- Stop test
16:27:01.718 [Test worker] INFO  com.learn.RAtests.TestBase -- *******************************
16:27:01.720 [Test worker] INFO  com.learn.RAtests.TestBase -- Start test: regWithOnlyInvalidSymbolsPasswordNegTest
Response body: Validation failed for argument [0] in public de.aittr.online_lessons.domain.dto.UserDto de.aittr.online_lessons.controllers.UserController.register(de.aittr.online_lessons.domain.dto.UserDto): [Field error in object 'userDto' on field 'password': rejected value [*@,.)&?-=]; codes [Pattern.userDto.password,Pattern.password,Pattern.java.lang.String,Pattern]; arguments [org.springframework.context.support.DefaultMessageSourceResolvable: codes [userDto.password,password]; arguments []; default message [password],[Ljakarta.validation.constraints.Pattern$Flag;@25fe4c67,^(?=.*[0-9])(?=.*[a-z])(?=.*[A-Z])(?=.*[!$#%])[a-zA-Z0-9!$#%]{8,}$]; default message [Invalid password format]] 
16:27:01.730 [Test worker] INFO  com.learn.RAtests.TestBase -- PASSED: regWithOnlyInvalidSymbolsPasswordNegTest
16:27:01.730 [Test worker] INFO  com.learn.RAtests.TestBase -- Stop test
16:27:01.730 [Test worker] INFO  com.learn.RAtests.TestBase -- *******************************
16:27:01.731 [Test worker] INFO  com.learn.RAtests.TestBase -- Start test: regWithOnlyLettersPasswordNegTest
Response body: Validation failed for argument [0] in public de.aittr.online_lessons.domain.dto.UserDto de.aittr.online_lessons.controllers.UserController.register(de.aittr.online_lessons.domain.dto.UserDto): [Field error in object 'userDto' on field 'password': rejected value [Ekaterina]; codes [Pattern.userDto.password,Pattern.password,Pattern.java.lang.String,Pattern]; arguments [org.springframework.context.support.DefaultMessageSourceResolvable: codes [userDto.password,password]; arguments []; default message [password],[Ljakarta.validation.constraints.Pattern$Flag;@25fe4c67,^(?=.*[0-9])(?=.*[a-z])(?=.*[A-Z])(?=.*[!$#%])[a-zA-Z0-9!$#%]{8,}$]; default message [Invalid password format]] 
16:27:01.742 [Test worker] INFO  com.learn.RAtests.TestBase -- PASSED: regWithOnlyLettersPasswordNegTest
16:27:01.742 [Test worker] INFO  com.learn.RAtests.TestBase -- Stop test
16:27:01.742 [Test worker] INFO  com.learn.RAtests.TestBase -- *******************************
16:27:01.744 [Test worker] INFO  com.learn.RAtests.TestBase -- Start test: regWithOnlyLowercasePasswordNegTest
Response body: Validation failed for argument [0] in public de.aittr.online_lessons.domain.dto.UserDto de.aittr.online_lessons.controllers.UserController.register(de.aittr.online_lessons.domain.dto.UserDto): [Field error in object 'userDto' on field 'password': rejected value [ekaterina1!]; codes [Pattern.userDto.password,Pattern.password,Pattern.java.lang.String,Pattern]; arguments [org.springframework.context.support.DefaultMessageSourceResolvable: codes [userDto.password,password]; arguments []; default message [password],[Ljakarta.validation.constraints.Pattern$Flag;@25fe4c67,^(?=.*[0-9])(?=.*[a-z])(?=.*[A-Z])(?=.*[!$#%])[a-zA-Z0-9!$#%]{8,}$]; default message [Invalid password format]] 
16:27:01.753 [Test worker] INFO  com.learn.RAtests.TestBase -- PASSED: regWithOnlyLowercasePasswordNegTest
16:27:01.753 [Test worker] INFO  com.learn.RAtests.TestBase -- Stop test
16:27:01.753 [Test worker] INFO  com.learn.RAtests.TestBase -- *******************************
16:27:01.755 [Test worker] INFO  com.learn.RAtests.TestBase -- Start test: regWithOnlyNumbersNicknameNegTest
Response body: Validation failed for argument [0] in public de.aittr.online_lessons.domain.dto.UserDto de.aittr.online_lessons.controllers.UserController.register(de.aittr.online_lessons.domain.dto.UserDto): [Field error in object 'userDto' on field 'nickname': rejected value [123]; codes [Pattern.userDto.nickname,Pattern.nickname,Pattern.java.lang.String,Pattern]; arguments [org.springframework.context.support.DefaultMessageSourceResolvable: codes [userDto.nickname,nickname]; arguments []; default message [nickname],[Ljakarta.validation.constraints.Pattern$Flag;@25fe4c67,^(?![\d-]+$)(?=(?:[^a-zA-Z]*[a-zA-Z]){3})[a-zA-Z0-9_-]{3,10}$]; default message [Invalid nickname format]] 
16:27:01.765 [Test worker] INFO  com.learn.RAtests.TestBase -- PASSED: regWithOnlyNumbersNicknameNegTest
16:27:01.765 [Test worker] INFO  com.learn.RAtests.TestBase -- Stop test
16:27:01.765 [Test worker] INFO  com.learn.RAtests.TestBase -- *******************************
16:27:01.767 [Test worker] INFO  com.learn.RAtests.TestBase -- Start test: regWithOnlyNumbersPasswordNegTest
Response body: Validation failed for argument [0] in public de.aittr.online_lessons.domain.dto.UserDto de.aittr.online_lessons.controllers.UserController.register(de.aittr.online_lessons.domain.dto.UserDto): [Field error in object 'userDto' on field 'password': rejected value [12345678]; codes [Pattern.userDto.password,Pattern.password,Pattern.java.lang.String,Pattern]; arguments [org.springframework.context.support.DefaultMessageSourceResolvable: codes [userDto.password,password]; arguments []; default message [password],[Ljakarta.validation.constraints.Pattern$Flag;@25fe4c67,^(?=.*[0-9])(?=.*[a-z])(?=.*[A-Z])(?=.*[!$#%])[a-zA-Z0-9!$#%]{8,}$]; default message [Invalid password format]] 
16:27:01.777 [Test worker] INFO  com.learn.RAtests.TestBase -- PASSED: regWithOnlyNumbersPasswordNegTest
16:27:01.777 [Test worker] INFO  com.learn.RAtests.TestBase -- Stop test
16:27:01.777 [Test worker] INFO  com.learn.RAtests.TestBase -- *******************************
16:27:01.779 [Test worker] INFO  com.learn.RAtests.TestBase -- Start test: regWithOnlyUppercasePasswordNegTest
Response body: Validation failed for argument [0] in public de.aittr.online_lessons.domain.dto.UserDto de.aittr.online_lessons.controllers.UserController.register(de.aittr.online_lessons.domain.dto.UserDto): [Field error in object 'userDto' on field 'password': rejected value [EKATERINA1!]; codes [Pattern.userDto.password,Pattern.password,Pattern.java.lang.String,Pattern]; arguments [org.springframework.context.support.DefaultMessageSourceResolvable: codes [userDto.password,password]; arguments []; default message [password],[Ljakarta.validation.constraints.Pattern$Flag;@25fe4c67,^(?=.*[0-9])(?=.*[a-z])(?=.*[A-Z])(?=.*[!$#%])[a-zA-Z0-9!$#%]{8,}$]; default message [Invalid password format]] 
16:27:01.790 [Test worker] INFO  com.learn.RAtests.TestBase -- PASSED: regWithOnlyUppercasePasswordNegTest
16:27:01.791 [Test worker] INFO  com.learn.RAtests.TestBase -- Stop test
16:27:01.791 [Test worker] INFO  com.learn.RAtests.TestBase -- *******************************
16:27:01.793 [Test worker] INFO  com.learn.RAtests.TestBase -- Start test: regWithOnlyValidSymbolsPasswordNegTest
Response body: Validation failed for argument [0] in public de.aittr.online_lessons.domain.dto.UserDto de.aittr.online_lessons.controllers.UserController.register(de.aittr.online_lessons.domain.dto.UserDto): [Field error in object 'userDto' on field 'password': rejected value [!$#%!$#%]; codes [Pattern.userDto.password,Pattern.password,Pattern.java.lang.String,Pattern]; arguments [org.springframework.context.support.DefaultMessageSourceResolvable: codes [userDto.password,password]; arguments []; default message [password],[Ljakarta.validation.constraints.Pattern$Flag;@25fe4c67,^(?=.*[0-9])(?=.*[a-z])(?=.*[A-Z])(?=.*[!$#%])[a-zA-Z0-9!$#%]{8,}$]; default message [Invalid password format]] 
16:27:01.803 [Test worker] INFO  com.learn.RAtests.TestBase -- PASSED: regWithOnlyValidSymbolsPasswordNegTest
16:27:01.803 [Test worker] INFO  com.learn.RAtests.TestBase -- Stop test
16:27:01.803 [Test worker] INFO  com.learn.RAtests.TestBase -- *******************************
16:27:01.804 [Test worker] INFO  com.learn.RAtests.TestBase -- Start test: regWithShortLength7PasswordNegTest
Response body: Validation failed for argument [0] in public de.aittr.online_lessons.domain.dto.UserDto de.aittr.online_lessons.controllers.UserController.register(de.aittr.online_lessons.domain.dto.UserDto): [Field error in object 'userDto' on field 'password': rejected value [Ekate1!]; codes [Pattern.userDto.password,Pattern.password,Pattern.java.lang.String,Pattern]; arguments [org.springframework.context.support.DefaultMessageSourceResolvable: codes [userDto.password,password]; arguments []; default message [password],[Ljakarta.validation.constraints.Pattern$Flag;@25fe4c67,^(?=.*[0-9])(?=.*[a-z])(?=.*[A-Z])(?=.*[!$#%])[a-zA-Z0-9!$#%]{8,}$]; default message [Invalid password format]] 
16:27:01.815 [Test worker] INFO  com.learn.RAtests.TestBase -- PASSED: regWithShortLength7PasswordNegTest
16:27:01.815 [Test worker] INFO  com.learn.RAtests.TestBase -- Stop test
16:27:01.815 [Test worker] INFO  com.learn.RAtests.TestBase -- *******************************
16:27:01.816 [Test worker] INFO  com.learn.RAtests.TestBase -- Start test: regWithShortLengthNicknameNegTest
Response body: Validation failed for argument [0] in public de.aittr.online_lessons.domain.dto.UserDto de.aittr.online_lessons.controllers.UserController.register(de.aittr.online_lessons.domain.dto.UserDto): [Field error in object 'userDto' on field 'nickname': rejected value [Te]; codes [Pattern.userDto.nickname,Pattern.nickname,Pattern.java.lang.String,Pattern]; arguments [org.springframework.context.support.DefaultMessageSourceResolvable: codes [userDto.nickname,nickname]; arguments []; default message [nickname],[Ljakarta.validation.constraints.Pattern$Flag;@25fe4c67,^(?![\d-]+$)(?=(?:[^a-zA-Z]*[a-zA-Z]){3})[a-zA-Z0-9_-]{3,10}$]; default message [Invalid nickname format]] 
16:27:01.832 [Test worker] INFO  com.learn.RAtests.TestBase -- PASSED: regWithShortLengthNicknameNegTest
16:27:01.833 [Test worker] INFO  com.learn.RAtests.TestBase -- Stop test
16:27:01.833 [Test worker] INFO  com.learn.RAtests.TestBase -- *******************************
16:27:01.833 [Test worker] INFO  com.learn.RAtests.TestBase -- Start test: regWithWrongEmailFormatNegTest
Response body: Validation failed for argument [0] in public de.aittr.online_lessons.domain.dto.UserDto de.aittr.online_lessons.controllers.UserController.register(de.aittr.online_lessons.domain.dto.UserDto): [Field error in object 'userDto' on field 'email': rejected value [allalala.com]; codes [Email.userDto.email,Email.email,Email.java.lang.String,Email]; arguments [org.springframework.context.support.DefaultMessageSourceResolvable: codes [userDto.email,email]; arguments []; default message [email],[Ljakarta.validation.constraints.Pattern$Flag;@63a94902,.*]; default message [must be a well-formed email address]] 
16:27:01.850 [Test worker] INFO  com.learn.RAtests.TestBase -- PASSED: regWithWrongEmailFormatNegTest
16:27:01.851 [Test worker] INFO  com.learn.RAtests.TestBase -- Stop test
16:27:01.851 [Test worker] INFO  com.learn.RAtests.TestBase -- *******************************
16:27:01.852 [Test worker] INFO  com.learn.RAtests.TestBase -- Start test: regWithoutNumbersPasswordNegTest
Response body: Validation failed for argument [0] in public de.aittr.online_lessons.domain.dto.UserDto de.aittr.online_lessons.controllers.UserController.register(de.aittr.online_lessons.domain.dto.UserDto): [Field error in object 'userDto' on field 'password': rejected value [Ekaterina!]; codes [Pattern.userDto.password,Pattern.password,Pattern.java.lang.String,Pattern]; arguments [org.springframework.context.support.DefaultMessageSourceResolvable: codes [userDto.password,password]; arguments []; default message [password],[Ljakarta.validation.constraints.Pattern$Flag;@25fe4c67,^(?=.*[0-9])(?=.*[a-z])(?=.*[A-Z])(?=.*[!$#%])[a-zA-Z0-9!$#%]{8,}$]; default message [Invalid password format]] 
16:27:01.863 [Test worker] INFO  com.learn.RAtests.TestBase -- PASSED: regWithoutNumbersPasswordNegTest
16:27:01.863 [Test worker] INFO  com.learn.RAtests.TestBase -- Stop test
16:27:01.863 [Test worker] INFO  com.learn.RAtests.TestBase -- *******************************
16:27:01.864 [Test worker] INFO  com.learn.RAtests.TestBase -- Start test: regWithoutSpecialSymbolPasswordNegTest
Response body: Validation failed for argument [0] in public de.aittr.online_lessons.domain.dto.UserDto de.aittr.online_lessons.controllers.UserController.register(de.aittr.online_lessons.domain.dto.UserDto): [Field error in object 'userDto' on field 'password': rejected value [Ekaterina123]; codes [Pattern.userDto.password,Pattern.password,Pattern.java.lang.String,Pattern]; arguments [org.springframework.context.support.DefaultMessageSourceResolvable: codes [userDto.password,password]; arguments []; default message [password],[Ljakarta.validation.constraints.Pattern$Flag;@25fe4c67,^(?=.*[0-9])(?=.*[a-z])(?=.*[A-Z])(?=.*[!$#%])[a-zA-Z0-9!$#%]{8,}$]; default message [Invalid password format]] 
16:27:01.875 [Test worker] INFO  com.learn.RAtests.TestBase -- PASSED: regWithoutSpecialSymbolPasswordNegTest
16:27:01.876 [Test worker] INFO  com.learn.RAtests.TestBase -- Stop test
16:27:01.876 [Test worker] INFO  com.learn.RAtests.TestBase -- *******************************
16:27:01.877 [Test worker] INFO  com.learn.RAtests.TestBase -- Start test: registrationSuccessTest
UserDto(id=191, nickname=TestReg, email=testregpos@gmail.com, password=password is hidden, roles=[Role(id=1, authority=ROLE_USER)])
16:27:01.966 [Test worker] INFO  com.learn.RAtests.TestBase -- PASSED: registrationSuccessTest
16:27:01.966 [Test worker] INFO  com.learn.RAtests.TestBase -- Stop test
16:27:01.966 [Test worker] INFO  com.learn.RAtests.TestBase -- *******************************
16:27:01.968 [Test worker] INFO  com.learn.RAtests.TestBase -- Start test: registrationWithWrongPathTest
{"timestamp":"2024-04-08T14:27:01.979+00:00","status":404,"error":"Not Found","path":"/api/users/reg"}
16:27:01.981 [Test worker] INFO  com.learn.RAtests.TestBase -- PASSED: registrationWithWrongPathTest
16:27:01.981 [Test worker] INFO  com.learn.RAtests.TestBase -- Stop test
16:27:01.981 [Test worker] INFO  com.learn.RAtests.TestBase -- *******************************
16:27:01.982 [Test worker] INFO  com.learn.RAtests.TestBase -- Start test: responseTimeIsLessThan500msTest
Response time: 73 milliseconds
16:27:02.157 [Test worker] INFO  com.learn.RAtests.TestBase -- PASSED: responseTimeIsLessThan500msTest
16:27:02.158 [Test worker] INFO  com.learn.RAtests.TestBase -- Stop test
16:27:02.158 [Test worker] INFO  com.learn.RAtests.TestBase -- *******************************
]]></system-out>
  <system-err><![CDATA[]]></system-err>
</testsuite>
