<?xml version="1.0" encoding="UTF-8"?>
<testsuite name="com.learn.RAtests.CourseController.CreateCourseTest" tests="6" skipped="0" failures="0" errors="0" timestamp="2024-04-08T16:57:12" hostname="DESKTOP-M6NQQR2" time="2.322">
  <properties/>
  <testcase name="createCoursePositiveTest" classname="com.learn.RAtests.CourseController.CreateCourseTest" time="0.029"/>
  <testcase name="createCourseEmptyTitleNegTest" classname="com.learn.RAtests.CourseController.CreateCourseTest" time="0.012"/>
  <testcase name="createCourseTitleWithNumbersNegTest" classname="com.learn.RAtests.CourseController.CreateCourseTest" time="0.01"/>
  <testcase name="createCourseShortTitleNegTest" classname="com.learn.RAtests.CourseController.CreateCourseTest" time="0.012"/>
  <testcase name="createCourseNegativePriceNegTest" classname="com.learn.RAtests.CourseController.CreateCourseTest" time="0.012"/>
  <testcase name="createCourseWithoutPhotoNegTest" classname="com.learn.RAtests.CourseController.CreateCourseTest" time="0.009"/>
  <system-out><![CDATA[18:57:12.447 [Test worker] INFO  com.learn.RAtests.TestBase -- Start test: createCoursePositiveTest
CourseDto(id=292, title=Devops from begin to advance, price=600, photoPath=https://plus.unsplash.com/premium_photo-1661281350976-59b9514e5364?q=80&w=2069&auto=format&fit=crop&ixlib=rb-4.0.3&ixid=M3wxMjA3fDB8MHxwaG90by1wYWdlfHx8fGVufDB8fHx8fA%3D%3D, presentationPath=null, description=A DevOps course can teach participants various essential skills and concepts related to software development, IT operations, and collaboration. Students can learn about continuous integration and continuous delivery (CI/CD) pipelines, automation tools like Docker and Kubernetes, cloud computing platforms such as AWS or Azure, infrastructure as code (IaC) principles with tools like Terraform, configuration management tools like Ansible, monitoring and logging techniques, and best practices for collaboration and communication among development and operations teams. Additionally, they may gain insights into agile methodologies, DevOps culture, and the importance of feedback loops for iterative improvement. Overall, a DevOps course equips learners with the knowledge and skills needed to streamline development processes, enhance deployment efficiency, and foster a culture of collaboration and innovation within organizations.)
18:57:12.506 [Test worker] INFO  com.learn.RAtests.TestBase -- PASSED: createCoursePositiveTest
18:57:12.506 [Test worker] INFO  com.learn.RAtests.TestBase -- Stop test
18:57:12.506 [Test worker] INFO  com.learn.RAtests.TestBase -- *******************************
Validation failed for argument [0] in public de.aittr.online_lessons.domain.dto.CourseDto de.aittr.online_lessons.controllers.CourseController.createCourse(de.aittr.online_lessons.domain.dto.CourseDto,java.lang.String): [Field error in object 'courseDto' on field 'title': rejected value []; codes [Pattern.courseDto.title,Pattern.title,Pattern.java.lang.String,Pattern]; arguments [org.springframework.context.support.DefaultMessageSourceResolvable: codes [courseDto.title,title]; arguments []; default message [title],[Ljakarta.validation.constraints.Pattern$Flag;@25fe4c67,[A-ZА-Яa-zа-я\s]{5,}]; default message [The title field must contain only letters and be a minimum of 5 characters.]] 
18:57:13.012 [Test worker] INFO  com.learn.RAtests.TestBase -- PASSED: createCourseEmptyTitleNegTest
18:57:13.012 [Test worker] INFO  com.learn.RAtests.TestBase -- Stop test
18:57:13.012 [Test worker] INFO  com.learn.RAtests.TestBase -- *******************************
18:57:13.013 [Test worker] INFO  com.learn.RAtests.TestBase -- Start test: deleteNotExistCourseNgTest
Validation failed for argument [0] in public de.aittr.online_lessons.domain.dto.CourseDto de.aittr.online_lessons.controllers.CourseController.createCourse(de.aittr.online_lessons.domain.dto.CourseDto,java.lang.String): [Field error in object 'courseDto' on field 'title': rejected value [Devops 1234]; codes [Pattern.courseDto.title,Pattern.title,Pattern.java.lang.String,Pattern]; arguments [org.springframework.context.support.DefaultMessageSourceResolvable: codes [courseDto.title,title]; arguments []; default message [title],[Ljakarta.validation.constraints.Pattern$Flag;@25fe4c67,[A-ZА-Яa-zа-я\s]{5,}]; default message [The title field must contain only letters and be a minimum of 5 characters.]] 
18:57:14.174 [Test worker] INFO  com.learn.RAtests.TestBase -- PASSED: createCourseTitleWithNumbersNegTest
18:57:14.175 [Test worker] INFO  com.learn.RAtests.TestBase -- Stop test
18:57:14.175 [Test worker] INFO  com.learn.RAtests.TestBase -- *******************************
18:57:14.177 [Test worker] INFO  com.learn.RAtests.TestBase -- Start test: deleteCourseByIdPositiveTest
Validation failed for argument [0] in public de.aittr.online_lessons.domain.dto.CourseDto de.aittr.online_lessons.controllers.CourseController.createCourse(de.aittr.online_lessons.domain.dto.CourseDto,java.lang.String): [Field error in object 'courseDto' on field 'title': rejected value [Devo]; codes [Pattern.courseDto.title,Pattern.title,Pattern.java.lang.String,Pattern]; arguments [org.springframework.context.support.DefaultMessageSourceResolvable: codes [courseDto.title,title]; arguments []; default message [title],[Ljakarta.validation.constraints.Pattern$Flag;@25fe4c67,[A-ZА-Яa-zа-я\s]{5,}]; default message [The title field must contain only letters and be a minimum of 5 characters.]] 
18:57:14.435 [Test worker] INFO  com.learn.RAtests.TestBase -- PASSED: createCourseShortTitleNegTest
18:57:14.435 [Test worker] INFO  com.learn.RAtests.TestBase -- Stop test
18:57:14.435 [Test worker] INFO  com.learn.RAtests.TestBase -- *******************************
18:57:14.436 [Test worker] INFO  com.learn.RAtests.TestBase -- Start test: deleteUserWithInvalidPathNegTest
Validation failed for argument [0] in public de.aittr.online_lessons.domain.dto.CourseDto de.aittr.online_lessons.controllers.CourseController.createCourse(de.aittr.online_lessons.domain.dto.CourseDto,java.lang.String): [Field error in object 'courseDto' on field 'price': rejected value [-200]; codes [Min.courseDto.price,Min.price,Min.int,Min]; arguments [org.springframework.context.support.DefaultMessageSourceResolvable: codes [courseDto.price,price]; arguments []; default message [price],0]; default message [The price must be positive.]] 
18:57:14.626 [Test worker] INFO  com.learn.RAtests.TestBase -- PASSED: createCourseNegativePriceNegTest
18:57:14.627 [Test worker] INFO  com.learn.RAtests.TestBase -- Stop test
18:57:14.627 [Test worker] INFO  com.learn.RAtests.TestBase -- *******************************
18:57:14.629 [Test worker] INFO  com.learn.RAtests.TestBase -- Start test: getAllCoursesWithInvalidPathTest
Validation failed for argument [0] in public de.aittr.online_lessons.domain.dto.CourseDto de.aittr.online_lessons.controllers.CourseController.createCourse(de.aittr.online_lessons.domain.dto.CourseDto,java.lang.String): [Field error in object 'courseDto' on field 'photoPath': rejected value []; codes [NotBlank.courseDto.photoPath,NotBlank.photoPath,NotBlank.java.lang.String,NotBlank]; arguments [org.springframework.context.support.DefaultMessageSourceResolvable: codes [courseDto.photoPath,photoPath]; arguments []; default message [photoPath]]; default message [must not be blank]] 
18:57:14.778 [Test worker] INFO  com.learn.RAtests.TestBase -- PASSED: createCourseWithoutPhotoNegTest
18:57:14.778 [Test worker] INFO  com.learn.RAtests.TestBase -- Stop test
18:57:14.778 [Test worker] INFO  com.learn.RAtests.TestBase -- *******************************
]]></system-out>
  <system-err><![CDATA[]]></system-err>
</testsuite>
