<?xml version="1.0" encoding="UTF-8"?>
<testsuite name="com.learn.RAtests.AuthorizationController.LogoutTests" tests="3" skipped="0" failures="0" errors="0" timestamp="2024-04-08T14:27:01" hostname="DESKTOP-M6NQQR2" time="0.073">
  <properties/>
  <testcase name="logoutPositiveTest" classname="com.learn.RAtests.AuthorizationController.LogoutTests" time="0.023"/>
  <testcase name="logoutWithInvalidPathNegTest" classname="com.learn.RAtests.AuthorizationController.LogoutTests" time="0.032"/>
  <testcase name="logoutWithoutAuthNegTest" classname="com.learn.RAtests.AuthorizationController.LogoutTests" time="0.01"/>
  <system-out><![CDATA[16:27:01.020 [Test worker] INFO  com.learn.RAtests.TestBase -- Start test: logoutPositiveTest
16:27:01.044 [Test worker] INFO  com.learn.RAtests.TestBase -- PASSED: logoutPositiveTest
16:27:01.045 [Test worker] INFO  com.learn.RAtests.TestBase -- Stop test
16:27:01.045 [Test worker] INFO  com.learn.RAtests.TestBase -- *******************************
16:27:01.047 [Test worker] INFO  com.learn.RAtests.TestBase -- Start test: logoutWithInvalidPathNegTest
{"timestamp":"2024-04-08T14:27:01.075+00:00","status":404,"error":"Not Found","path":"/api/auth/logoutuser"}
16:27:01.081 [Test worker] INFO  com.learn.RAtests.TestBase -- PASSED: logoutWithInvalidPathNegTest
16:27:01.081 [Test worker] INFO  com.learn.RAtests.TestBase -- Stop test
16:27:01.081 [Test worker] INFO  com.learn.RAtests.TestBase -- *******************************
16:27:01.083 [Test worker] INFO  com.learn.RAtests.TestBase -- Start test: logoutWithoutAuthNegTest
Forbidden 403
16:27:01.094 [Test worker] INFO  com.learn.RAtests.TestBase -- PASSED: logoutWithoutAuthNegTest
16:27:01.094 [Test worker] INFO  com.learn.RAtests.TestBase -- Stop test
16:27:01.094 [Test worker] INFO  com.learn.RAtests.TestBase -- *******************************
]]></system-out>
  <system-err><![CDATA[]]></system-err>
</testsuite>
