<?xml version="1.0" encoding="UTF-8"?>
<testsuite name="com.learn.RAtests.UserController.ChangePasswordTests" tests="17" skipped="0" failures="0" errors="0" timestamp="2024-04-08T16:57:12" hostname="DESKTOP-M6NQQR2" time="3.372">
  <properties/>
  <testcase name="changePasswordPositiveTest" classname="com.learn.RAtests.UserController.ChangePasswordTests" time="0.216"/>
  <testcase name="changePasswordBoundaryValue8Test" classname="com.learn.RAtests.UserController.ChangePasswordTests" time="0.176"/>
  <testcase name="changePassWithEmptyOldPasswordNegTest" classname="com.learn.RAtests.UserController.ChangePasswordTests" time="0.081"/>
  <testcase name="changePassWithEmptyNewPasswordNegTest" classname="com.learn.RAtests.UserController.ChangePasswordTests" time="0.011"/>
  <testcase name="changePassWithEmptyConfirmPasswordNegTest" classname="com.learn.RAtests.UserController.ChangePasswordTests" time="0.018"/>
  <testcase name="changePassWithShortLength7NegTest" classname="com.learn.RAtests.UserController.ChangePasswordTests" time="0.009"/>
  <testcase name="changePasswordWithOnlyNumbersNegTest" classname="com.learn.RAtests.UserController.ChangePasswordTests" time="0.01"/>
  <testcase name="changePasswordWithOnlyLettersNegTest" classname="com.learn.RAtests.UserController.ChangePasswordTests" time="0.01"/>
  <testcase name="changePasswordWithOnlyValidSymbolsNegTest" classname="com.learn.RAtests.UserController.ChangePasswordTests" time="0.014"/>
  <testcase name="changePasswordWithOnlyInvalidSymbolsNegTest" classname="com.learn.RAtests.UserController.ChangePasswordTests" time="0.009"/>
  <testcase name="changePasswordWithOnlyLowercaseNegTest" classname="com.learn.RAtests.UserController.ChangePasswordTests" time="0.009"/>
  <testcase name="changePasswordWithOnlyUppercaseNegTest" classname="com.learn.RAtests.UserController.ChangePasswordTests" time="0.007"/>
  <testcase name="changePasswordWithoutSpecialSymbolNegTest" classname="com.learn.RAtests.UserController.ChangePasswordTests" time="0.01"/>
  <testcase name="changePasswordWithoutNumbersNegTest" classname="com.learn.RAtests.UserController.ChangePasswordTests" time="0.012"/>
  <testcase name="changePasswordWithoutAUTHNegTest" classname="com.learn.RAtests.UserController.ChangePasswordTests" time="0.008"/>
  <testcase name="changePasswordForNotExistUserNegTest" classname="com.learn.RAtests.UserController.ChangePasswordTests" time="0.015"/>
  <testcase name="changePasswordWrongPathNegTest" classname="com.learn.RAtests.UserController.ChangePasswordTests" time="0.013"/>
  <system-out><![CDATA[18:57:12.227 [Test worker] INFO  com.learn.RAtests.TestBase -- Start test: changePasswordPositiveTest
18:57:12.444 [Test worker] INFO  com.learn.RAtests.TestBase -- PASSED: changePasswordPositiveTest
18:57:12.445 [Test worker] INFO  com.learn.RAtests.TestBase -- Stop test
18:57:12.445 [Test worker] INFO  com.learn.RAtests.TestBase -- *******************************
18:57:12.923 [Test worker] INFO  com.learn.RAtests.TestBase -- PASSED: changePasswordBoundaryValue8Test
18:57:12.923 [Test worker] INFO  com.learn.RAtests.TestBase -- Stop test
18:57:12.923 [Test worker] INFO  com.learn.RAtests.TestBase -- *******************************
18:57:12.924 [Test worker] INFO  com.learn.RAtests.TestBase -- Start test: createCourseEmptyTitleNegTest
Current password is incorrect
18:57:14.150 [Test worker] INFO  com.learn.RAtests.TestBase -- PASSED: changePassWithEmptyOldPasswordNegTest
18:57:14.150 [Test worker] INFO  com.learn.RAtests.TestBase -- Stop test
18:57:14.150 [Test worker] INFO  com.learn.RAtests.TestBase -- *******************************
18:57:14.151 [Test worker] INFO  com.learn.RAtests.TestBase -- Start test: createCourseTitleWithNumbersNegTest
Validation failed for argument [1] in public void de.aittr.online_lessons.controllers.UserController.changePassword(java.lang.String,de.aittr.online_lessons.domain.dto.ChangePasswordDto): [Field error in object 'changePasswordDto' on field 'newPassword': rejected value []; codes [Pattern.changePasswordDto.newPassword,Pattern.newPassword,Pattern.java.lang.String,Pattern]; arguments [org.springframework.context.support.DefaultMessageSourceResolvable: codes [changePasswordDto.newPassword,newPassword]; arguments []; default message [newPassword],[Ljakarta.validation.constraints.Pattern$Flag;@25fe4c67,^(?=.*[0-9])(?=.*[a-z])(?=.*[A-Z])(?=.*[!$#%])[a-zA-Z0-9!$#%]{8,}$]; default message [Invalid password format]] 
18:57:14.404 [Test worker] INFO  com.learn.RAtests.TestBase -- PASSED: changePassWithEmptyNewPasswordNegTest
18:57:14.404 [Test worker] INFO  com.learn.RAtests.TestBase -- Stop test
18:57:14.404 [Test worker] INFO  com.learn.RAtests.TestBase -- *******************************
18:57:14.406 [Test worker] INFO  com.learn.RAtests.TestBase -- Start test: createCourseShortTitleNegTest
New password and confirm password mismatch
18:57:14.600 [Test worker] INFO  com.learn.RAtests.TestBase -- PASSED: changePassWithEmptyConfirmPasswordNegTest
18:57:14.600 [Test worker] INFO  com.learn.RAtests.TestBase -- Stop test
18:57:14.600 [Test worker] INFO  com.learn.RAtests.TestBase -- *******************************
18:57:14.602 [Test worker] INFO  com.learn.RAtests.TestBase -- Start test: createCourseNegativePriceNegTest
Validation failed for argument [1] in public void de.aittr.online_lessons.controllers.UserController.changePassword(java.lang.String,de.aittr.online_lessons.domain.dto.ChangePasswordDto): [Field error in object 'changePasswordDto' on field 'newPassword': rejected value [Test01!]; codes [Pattern.changePasswordDto.newPassword,Pattern.newPassword,Pattern.java.lang.String,Pattern]; arguments [org.springframework.context.support.DefaultMessageSourceResolvable: codes [changePasswordDto.newPassword,newPassword]; arguments []; default message [newPassword],[Ljakarta.validation.constraints.Pattern$Flag;@25fe4c67,^(?=.*[0-9])(?=.*[a-z])(?=.*[A-Z])(?=.*[!$#%])[a-zA-Z0-9!$#%]{8,}$]; default message [Invalid password format]] 
18:57:14.760 [Test worker] INFO  com.learn.RAtests.TestBase -- PASSED: changePassWithShortLength7NegTest
18:57:14.760 [Test worker] INFO  com.learn.RAtests.TestBase -- Stop test
18:57:14.760 [Test worker] INFO  com.learn.RAtests.TestBase -- *******************************
18:57:14.761 [Test worker] INFO  com.learn.RAtests.TestBase -- Start test: createCourseWithoutPhotoNegTest
Validation failed for argument [1] in public void de.aittr.online_lessons.controllers.UserController.changePassword(java.lang.String,de.aittr.online_lessons.domain.dto.ChangePasswordDto): [Field error in object 'changePasswordDto' on field 'newPassword': rejected value [1234567890]; codes [Pattern.changePasswordDto.newPassword,Pattern.newPassword,Pattern.java.lang.String,Pattern]; arguments [org.springframework.context.support.DefaultMessageSourceResolvable: codes [changePasswordDto.newPassword,newPassword]; arguments []; default message [newPassword],[Ljakarta.validation.constraints.Pattern$Flag;@25fe4c67,^(?=.*[0-9])(?=.*[a-z])(?=.*[A-Z])(?=.*[!$#%])[a-zA-Z0-9!$#%]{8,}$]; default message [Invalid password format]] 
18:57:14.876 [Test worker] INFO  com.learn.RAtests.TestBase -- PASSED: changePasswordWithOnlyNumbersNegTest
18:57:14.877 [Test worker] INFO  com.learn.RAtests.TestBase -- Stop test
18:57:14.877 [Test worker] INFO  com.learn.RAtests.TestBase -- *******************************
18:57:14.878 [Test worker] INFO  com.learn.RAtests.TestBase -- Start test: getAllCoursesByUserWithoutAuthNegTest
Validation failed for argument [1] in public void de.aittr.online_lessons.controllers.UserController.changePassword(java.lang.String,de.aittr.online_lessons.domain.dto.ChangePasswordDto): [Field error in object 'changePasswordDto' on field 'newPassword': rejected value [Testtest]; codes [Pattern.changePasswordDto.newPassword,Pattern.newPassword,Pattern.java.lang.String,Pattern]; arguments [org.springframework.context.support.DefaultMessageSourceResolvable: codes [changePasswordDto.newPassword,newPassword]; arguments []; default message [newPassword],[Ljakarta.validation.constraints.Pattern$Flag;@25fe4c67,^(?=.*[0-9])(?=.*[a-z])(?=.*[A-Z])(?=.*[!$#%])[a-zA-Z0-9!$#%]{8,}$]; default message [Invalid password format]] 
18:57:14.987 [Test worker] INFO  com.learn.RAtests.TestBase -- PASSED: changePasswordWithOnlyLettersNegTest
18:57:14.987 [Test worker] INFO  com.learn.RAtests.TestBase -- Stop test
18:57:14.987 [Test worker] INFO  com.learn.RAtests.TestBase -- *******************************
18:57:14.989 [Test worker] INFO  com.learn.RAtests.TestBase -- Start test: getCoursesInCartWithoutAUTHTest
Validation failed for argument [1] in public void de.aittr.online_lessons.controllers.UserController.changePassword(java.lang.String,de.aittr.online_lessons.domain.dto.ChangePasswordDto): [Field error in object 'changePasswordDto' on field 'newPassword': rejected value [!$#%!$#%!]; codes [Pattern.changePasswordDto.newPassword,Pattern.newPassword,Pattern.java.lang.String,Pattern]; arguments [org.springframework.context.support.DefaultMessageSourceResolvable: codes [changePasswordDto.newPassword,newPassword]; arguments []; default message [newPassword],[Ljakarta.validation.constraints.Pattern$Flag;@25fe4c67,^(?=.*[0-9])(?=.*[a-z])(?=.*[A-Z])(?=.*[!$#%])[a-zA-Z0-9!$#%]{8,}$]; default message [Invalid password format]] 
18:57:15.097 [Test worker] INFO  com.learn.RAtests.TestBase -- PASSED: changePasswordWithOnlyValidSymbolsNegTest
18:57:15.097 [Test worker] INFO  com.learn.RAtests.TestBase -- Stop test
18:57:15.097 [Test worker] INFO  com.learn.RAtests.TestBase -- *******************************
18:57:15.098 [Test worker] INFO  com.learn.RAtests.TestBase -- Start test: getCoursesInCartWithWrongPathTest
Validation failed for argument [1] in public void de.aittr.online_lessons.controllers.UserController.changePassword(java.lang.String,de.aittr.online_lessons.domain.dto.ChangePasswordDto): [Field error in object 'changePasswordDto' on field 'newPassword': rejected value [*@,.)&?-==]; codes [Pattern.changePasswordDto.newPassword,Pattern.newPassword,Pattern.java.lang.String,Pattern]; arguments [org.springframework.context.support.DefaultMessageSourceResolvable: codes [changePasswordDto.newPassword,newPassword]; arguments []; default message [newPassword],[Ljakarta.validation.constraints.Pattern$Flag;@25fe4c67,^(?=.*[0-9])(?=.*[a-z])(?=.*[A-Z])(?=.*[!$#%])[a-zA-Z0-9!$#%]{8,}$]; default message [Invalid password format]] 
18:57:15.230 [Test worker] INFO  com.learn.RAtests.TestBase -- PASSED: changePasswordWithOnlyInvalidSymbolsNegTest
18:57:15.230 [Test worker] INFO  com.learn.RAtests.TestBase -- Stop test
18:57:15.230 [Test worker] INFO  com.learn.RAtests.TestBase -- *******************************
18:57:15.231 [Test worker] INFO  com.learn.RAtests.TestBase -- Start test: getCoursesPurchasedByUserWithoutAuthTest
Validation failed for argument [1] in public void de.aittr.online_lessons.controllers.UserController.changePassword(java.lang.String,de.aittr.online_lessons.domain.dto.ChangePasswordDto): [Field error in object 'changePasswordDto' on field 'newPassword': rejected value [testtest1!]; codes [Pattern.changePasswordDto.newPassword,Pattern.newPassword,Pattern.java.lang.String,Pattern]; arguments [org.springframework.context.support.DefaultMessageSourceResolvable: codes [changePasswordDto.newPassword,newPassword]; arguments []; default message [newPassword],[Ljakarta.validation.constraints.Pattern$Flag;@25fe4c67,^(?=.*[0-9])(?=.*[a-z])(?=.*[A-Z])(?=.*[!$#%])[a-zA-Z0-9!$#%]{8,}$]; default message [Invalid password format]] 
18:57:15.333 [Test worker] INFO  com.learn.RAtests.TestBase -- PASSED: changePasswordWithOnlyLowercaseNegTest
18:57:15.333 [Test worker] INFO  com.learn.RAtests.TestBase -- Stop test
18:57:15.333 [Test worker] INFO  com.learn.RAtests.TestBase -- *******************************
18:57:15.334 [Test worker] INFO  com.learn.RAtests.TestBase -- Start test: getCoursesPurchasedByNotExistUserNegTest
Validation failed for argument [1] in public void de.aittr.online_lessons.controllers.UserController.changePassword(java.lang.String,de.aittr.online_lessons.domain.dto.ChangePasswordDto): [Field error in object 'changePasswordDto' on field 'newPassword': rejected value [TESTTEST1!]; codes [Pattern.changePasswordDto.newPassword,Pattern.newPassword,Pattern.java.lang.String,Pattern]; arguments [org.springframework.context.support.DefaultMessageSourceResolvable: codes [changePasswordDto.newPassword,newPassword]; arguments []; default message [newPassword],[Ljakarta.validation.constraints.Pattern$Flag;@25fe4c67,^(?=.*[0-9])(?=.*[a-z])(?=.*[A-Z])(?=.*[!$#%])[a-zA-Z0-9!$#%]{8,}$]; default message [Invalid password format]] 
18:57:15.415 [Test worker] INFO  com.learn.RAtests.TestBase -- PASSED: changePasswordWithOnlyUppercaseNegTest
18:57:15.415 [Test worker] INFO  com.learn.RAtests.TestBase -- Stop test
18:57:15.415 [Test worker] INFO  com.learn.RAtests.TestBase -- *******************************
18:57:15.416 [Test worker] INFO  com.learn.RAtests.TestBase -- Start test: getCoursesPurchasedByUserWithWrongPathNegTest
Validation failed for argument [1] in public void de.aittr.online_lessons.controllers.UserController.changePassword(java.lang.String,de.aittr.online_lessons.domain.dto.ChangePasswordDto): [Field error in object 'changePasswordDto' on field 'newPassword': rejected value [Test1test1]; codes [Pattern.changePasswordDto.newPassword,Pattern.newPassword,Pattern.java.lang.String,Pattern]; arguments [org.springframework.context.support.DefaultMessageSourceResolvable: codes [changePasswordDto.newPassword,newPassword]; arguments []; default message [newPassword],[Ljakarta.validation.constraints.Pattern$Flag;@25fe4c67,^(?=.*[0-9])(?=.*[a-z])(?=.*[A-Z])(?=.*[!$#%])[a-zA-Z0-9!$#%]{8,}$]; default message [Invalid password format]] 
18:57:15.502 [Test worker] INFO  com.learn.RAtests.TestBase -- PASSED: changePasswordWithoutSpecialSymbolNegTest
18:57:15.502 [Test worker] INFO  com.learn.RAtests.TestBase -- Stop test
18:57:15.502 [Test worker] INFO  com.learn.RAtests.TestBase -- *******************************
18:57:15.503 [Test worker] INFO  com.learn.RAtests.TestBase -- Start test: courseAlreadyPurchasedNegTest
Validation failed for argument [1] in public void de.aittr.online_lessons.controllers.UserController.changePassword(java.lang.String,de.aittr.online_lessons.domain.dto.ChangePasswordDto): [Field error in object 'changePasswordDto' on field 'newPassword': rejected value [Testtest!]; codes [Pattern.changePasswordDto.newPassword,Pattern.newPassword,Pattern.java.lang.String,Pattern]; arguments [org.springframework.context.support.DefaultMessageSourceResolvable: codes [changePasswordDto.newPassword,newPassword]; arguments []; default message [newPassword],[Ljakarta.validation.constraints.Pattern$Flag;@25fe4c67,^(?=.*[0-9])(?=.*[a-z])(?=.*[A-Z])(?=.*[!$#%])[a-zA-Z0-9!$#%]{8,}$]; default message [Invalid password format]] 
18:57:15.557 [Test worker] INFO  com.learn.RAtests.TestBase -- PASSED: changePasswordWithoutNumbersNegTest
18:57:15.557 [Test worker] INFO  com.learn.RAtests.TestBase -- Stop test
18:57:15.557 [Test worker] INFO  com.learn.RAtests.TestBase -- *******************************
18:57:15.558 [Test worker] INFO  com.learn.RAtests.TestBase -- Start test: changePasswordWithoutAUTHNegTest
Forbidden 403
18:57:15.567 [Test worker] INFO  com.learn.RAtests.TestBase -- PASSED: changePasswordWithoutAUTHNegTest
18:57:15.567 [Test worker] INFO  com.learn.RAtests.TestBase -- Stop test
18:57:15.567 [Test worker] INFO  com.learn.RAtests.TestBase -- *******************************
18:57:15.568 [Test worker] INFO  com.learn.RAtests.TestBase -- Start test: changePasswordForNotExistUserNegTest
User with this username not found
18:57:15.584 [Test worker] INFO  com.learn.RAtests.TestBase -- PASSED: changePasswordForNotExistUserNegTest
18:57:15.584 [Test worker] INFO  com.learn.RAtests.TestBase -- Stop test
18:57:15.584 [Test worker] INFO  com.learn.RAtests.TestBase -- *******************************
18:57:15.586 [Test worker] INFO  com.learn.RAtests.TestBase -- Start test: changePasswordWrongPathNegTest
Not Found /api/users/change_pass/Test1
18:57:15.600 [Test worker] INFO  com.learn.RAtests.TestBase -- PASSED: changePasswordWrongPathNegTest
18:57:15.600 [Test worker] INFO  com.learn.RAtests.TestBase -- Stop test
18:57:15.600 [Test worker] INFO  com.learn.RAtests.TestBase -- *******************************
]]></system-out>
  <system-err><![CDATA[]]></system-err>
</testsuite>
