<?xml version="1.0" encoding="UTF-8"?>
<testsuite name="com.learn.RAtests.AuthorizationController.LoginTests" tests="9" skipped="0" failures="0" errors="0" timestamp="2024-04-08T16:57:09" hostname="DESKTOP-M6NQQR2" time="2.039">
  <properties/>
  <testcase name="loginSuccessTest" classname="com.learn.RAtests.AuthorizationController.LoginTests" time="0.17"/>
  <testcase name="loginWithEmptyEmailTest" classname="com.learn.RAtests.AuthorizationController.LoginTests" time="0.023"/>
  <testcase name="loginWithEmptyPasswordTest" classname="com.learn.RAtests.AuthorizationController.LoginTests" time="0.126"/>
  <testcase name="loginWithWrongEmailTest" classname="com.learn.RAtests.AuthorizationController.LoginTests" time="0.022"/>
  <testcase name="loginWithWrongPasswordTest" classname="com.learn.RAtests.AuthorizationController.LoginTests" time="0.126"/>
  <testcase name="loginWithWrongPathTest" classname="com.learn.RAtests.AuthorizationController.LoginTests" time="0.024"/>
  <testcase name="loginWithoutContentTypeTest" classname="com.learn.RAtests.AuthorizationController.LoginTests" time="0.026"/>
  <testcase name="positiveContentTypeTest" classname="com.learn.RAtests.AuthorizationController.LoginTests" time="0.112"/>
  <testcase name="responseTimeIsLessThan500msTest" classname="com.learn.RAtests.AuthorizationController.LoginTests" time="0.168"/>
  <system-out><![CDATA[18:57:09.973 [Test worker] INFO  com.learn.RAtests.TestBase -- Start test: loginSuccessTest
Access Token: eyJhbGciOiJIUzI1NiJ9.eyJzdWIiOiJUZXN0MSIsImV4cCI6MTcxMjY4MTgzMCwicm9sZXMiOlt7ImlkIjoxLCJhdXRob3JpdHkiOiJST0xFX1VTRVIifV0sIm5hbWUiOiJUZXN0MSIsImNhcnRJZCI6Mn0.qQoD7GUQpIq69ax5xMycUdsGKT1j6e1UqSUZ1Vgs2oc
Refresh Token: eyJhbGciOiJIUzI1NiJ9.eyJzdWIiOiJUZXN0MSIsImV4cCI6MTcxMzIwMDIzMH0.SVLFTn6x5FOenGar8BKyNtsHdpctSbufNRka0kA8hQA
Message: null
18:57:10.145 [Test worker] INFO  com.learn.RAtests.TestBase -- PASSED: loginSuccessTest
18:57:10.145 [Test worker] INFO  com.learn.RAtests.TestBase -- Stop test
18:57:10.146 [Test worker] INFO  com.learn.RAtests.TestBase -- *******************************
18:57:10.148 [Test worker] INFO  com.learn.RAtests.TestBase -- Start test: loginWithEmptyEmailTest
Response body: TokenResponseDto(accessToken=null, refreshToken=null, message=Email or password is incorrect)
18:57:10.173 [Test worker] INFO  com.learn.RAtests.TestBase -- PASSED: loginWithEmptyEmailTest
18:57:10.174 [Test worker] INFO  com.learn.RAtests.TestBase -- Stop test
18:57:10.174 [Test worker] INFO  com.learn.RAtests.TestBase -- *******************************
18:57:10.177 [Test worker] INFO  com.learn.RAtests.TestBase -- Start test: loginWithEmptyPasswordTest
Response body: TokenResponseDto(accessToken=null, refreshToken=null, message=Email or password is incorrect)
18:57:10.307 [Test worker] INFO  com.learn.RAtests.TestBase -- PASSED: loginWithEmptyPasswordTest
18:57:10.307 [Test worker] INFO  com.learn.RAtests.TestBase -- Stop test
18:57:10.307 [Test worker] INFO  com.learn.RAtests.TestBase -- *******************************
18:57:10.310 [Test worker] INFO  com.learn.RAtests.TestBase -- Start test: loginWithWrongEmailTest
Response body: TokenResponseDto(accessToken=null, refreshToken=null, message=Email or password is incorrect)
18:57:10.334 [Test worker] INFO  com.learn.RAtests.TestBase -- PASSED: loginWithWrongEmailTest
18:57:10.334 [Test worker] INFO  com.learn.RAtests.TestBase -- Stop test
18:57:10.334 [Test worker] INFO  com.learn.RAtests.TestBase -- *******************************
18:57:10.337 [Test worker] INFO  com.learn.RAtests.TestBase -- Start test: loginWithWrongPasswordTest
Response body: TokenResponseDto(accessToken=null, refreshToken=null, message=Email or password is incorrect)
18:57:10.464 [Test worker] INFO  com.learn.RAtests.TestBase -- PASSED: loginWithWrongPasswordTest
18:57:10.465 [Test worker] INFO  com.learn.RAtests.TestBase -- Stop test
18:57:10.465 [Test worker] INFO  com.learn.RAtests.TestBase -- *******************************
18:57:10.467 [Test worker] INFO  com.learn.RAtests.TestBase -- Start test: loginWithWrongPathTest
{"timestamp":"2024-04-08T16:57:10.483+00:00","status":404,"error":"Not Found","path":"/api/auth/log"}
18:57:10.494 [Test worker] INFO  com.learn.RAtests.TestBase -- PASSED: loginWithWrongPathTest
18:57:10.494 [Test worker] INFO  com.learn.RAtests.TestBase -- Stop test
18:57:10.494 [Test worker] INFO  com.learn.RAtests.TestBase -- *******************************
18:57:10.496 [Test worker] INFO  com.learn.RAtests.TestBase -- Start test: loginWithoutContentTypeTest
Response body: {"timestamp":"2024-04-08T16:57:10.521+00:00","status":415,"error":"Unsupported Media Type","path":"/api/auth/login"}
18:57:10.524 [Test worker] INFO  com.learn.RAtests.TestBase -- PASSED: loginWithoutContentTypeTest
18:57:10.525 [Test worker] INFO  com.learn.RAtests.TestBase -- Stop test
18:57:10.525 [Test worker] INFO  com.learn.RAtests.TestBase -- *******************************
Content-Type: application/json
18:57:10.729 [Test worker] INFO  com.learn.RAtests.TestBase -- PASSED: positiveContentTypeTest
18:57:10.729 [Test worker] INFO  com.learn.RAtests.TestBase -- Stop test
18:57:10.729 [Test worker] INFO  com.learn.RAtests.TestBase -- *******************************
Response time: 135 milliseconds
18:57:12.014 [Test worker] INFO  com.learn.RAtests.TestBase -- PASSED: responseTimeIsLessThan500msTest
18:57:12.014 [Test worker] INFO  com.learn.RAtests.TestBase -- Stop test
18:57:12.014 [Test worker] INFO  com.learn.RAtests.TestBase -- *******************************
]]></system-out>
  <system-err><![CDATA[]]></system-err>
</testsuite>
