<?xml version="1.0" encoding="UTF-8"?>
<testsuite name="com.learn.RAtests.AuthorizationController.AuthorizationInfoTests" tests="3" skipped="0" failures="0" errors="0" timestamp="2024-04-08T16:57:08" hostname="DESKTOP-M6NQQR2" time="1.552">
  <properties/>
  <testcase name="authorizedInfoPositiveTest" classname="com.learn.RAtests.AuthorizationController.AuthorizationInfoTests" time="1.327"/>
  <testcase name="getAuthInfoWithInvalidPathNegTest" classname="com.learn.RAtests.AuthorizationController.AuthorizationInfoTests" time="0.023"/>
  <testcase name="getAuthInfoWithoutAuthNegTest" classname="com.learn.RAtests.AuthorizationController.AuthorizationInfoTests" time="0.024"/>
  <system-out><![CDATA[18:57:08.327 [Test worker] INFO  com.learn.RAtests.TestBase -- Start test: authorizedInfoPositiveTest
{"authenticated":true,"cartId":2,"name":"Test1","principal":"Test1","authorities":[{"id":1,"authority":"ROLE_USER"}],"credentials":null,"details":null}
18:57:09.658 [Test worker] INFO  com.learn.RAtests.TestBase -- PASSED: authorizedInfoPositiveTest
18:57:09.659 [Test worker] INFO  com.learn.RAtests.TestBase -- Stop test
18:57:09.660 [Test worker] INFO  com.learn.RAtests.TestBase -- *******************************
{"timestamp":"2024-04-08T16:57:09.848+00:00","status":404,"error":"Not Found","path":"/api/auth/auinfo"}
18:57:09.852 [Test worker] INFO  com.learn.RAtests.TestBase -- PASSED: getAuthInfoWithInvalidPathNegTest
18:57:09.852 [Test worker] INFO  com.learn.RAtests.TestBase -- Stop test
18:57:09.852 [Test worker] INFO  com.learn.RAtests.TestBase -- *******************************
18:57:09.856 [Test worker] INFO  com.learn.RAtests.TestBase -- Start test: getAuthInfoWithoutAuthNegTest
User is not authenticated
18:57:09.881 [Test worker] INFO  com.learn.RAtests.TestBase -- PASSED: getAuthInfoWithoutAuthNegTest
18:57:09.882 [Test worker] INFO  com.learn.RAtests.TestBase -- Stop test
18:57:09.882 [Test worker] INFO  com.learn.RAtests.TestBase -- *******************************
]]></system-out>
  <system-err><![CDATA[]]></system-err>
</testsuite>
