<?xml version="1.0" encoding="UTF-8"?>
<testsuite name="com.learn.RAtests.AuthorizationController.LogoutNegativeTests" tests="2" skipped="0" failures="0" errors="0" timestamp="2024-04-17T14:36:37" hostname="DESKTOP-M6NQQR2" time="0.023">
  <properties/>
  <testcase name="logoutWithInvalidPathNegTest" classname="com.learn.RAtests.AuthorizationController.LogoutNegativeTests" time="0.012"/>
  <testcase name="logoutWithoutAuthNegTest" classname="com.learn.RAtests.AuthorizationController.LogoutNegativeTests" time="0.01"/>
  <system-out><![CDATA[16:36:37.843 [Test worker] INFO  com.learn.RAtests.TestBase -- Start test: logoutWithInvalidPathNegTest
16:36:37.855 [Test worker] INFO  com.learn.RAtests.TestBase -- PASSED: logoutWithInvalidPathNegTest
16:36:37.855 [Test worker] INFO  com.learn.RAtests.TestBase -- Stop test
16:36:37.855 [Test worker] INFO  com.learn.RAtests.TestBase -- *******************************
16:36:37.856 [Test worker] INFO  com.learn.RAtests.TestBase -- Start test: logoutWithoutAuthNegTest
16:36:37.867 [Test worker] INFO  com.learn.RAtests.TestBase -- PASSED: logoutWithoutAuthNegTest
16:36:37.867 [Test worker] INFO  com.learn.RAtests.TestBase -- Stop test
16:36:37.867 [Test worker] INFO  com.learn.RAtests.TestBase -- *******************************
]]></system-out>
  <system-err><![CDATA[]]></system-err>
</testsuite>
