<?xml version="1.0" encoding="UTF-8"?>
<testsuite name="com.learn.RAtests.AuthorizationController.AuthorizationInfoPositiveTests" tests="1" skipped="0" failures="0" errors="0" timestamp="2024-04-17T14:29:39" hostname="DESKTOP-M6NQQR2" time="0.015">
  <properties/>
  <testcase name="authorizedInfoPositiveTest" classname="com.learn.RAtests.AuthorizationController.AuthorizationInfoPositiveTests" time="0.015"/>
  <system-out><![CDATA[16:29:39.104 [Test worker] INFO  com.learn.RAtests.TestBase -- Start test: authorizedInfoPositiveTest
16:29:39.121 [Test worker] INFO  com.learn.RAtests.TestBase -- PASSED: authorizedInfoPositiveTest
16:29:39.121 [Test worker] INFO  com.learn.RAtests.TestBase -- Stop test
16:29:39.121 [Test worker] INFO  com.learn.RAtests.TestBase -- *******************************
]]></system-out>
  <system-err><![CDATA[]]></system-err>
</testsuite>
