<?xml version="1.0" encoding="UTF-8"?>
<testsuite name="com.learn.RAtests.AuthorizationController.LoginPositiveTests" tests="3" skipped="0" failures="0" errors="0" timestamp="2024-04-17T14:35:25" hostname="DESKTOP-M6NQQR2" time="115.235">
  <properties/>
  <testcase name="loginSuccessTest" classname="com.learn.RAtests.AuthorizationController.LoginPositiveTests" time="0.072"/>
  <testcase name="positiveContentTypeTest" classname="com.learn.RAtests.AuthorizationController.LoginPositiveTests" time="0.074"/>
  <testcase name="responseTimeIsLessThan500msTest" classname="com.learn.RAtests.AuthorizationController.LoginPositiveTests" time="0.089"/>
  <system-out><![CDATA[16:35:25.684 [Test worker] INFO  com.learn.RAtests.TestBase -- Start test: loginSuccessTest
16:35:25.756 [Test worker] INFO  com.learn.RAtests.TestBase -- PASSED: loginSuccessTest
16:35:25.757 [Test worker] INFO  com.learn.RAtests.TestBase -- Stop test
16:35:25.757 [Test worker] INFO  com.learn.RAtests.TestBase -- *******************************
16:36:37.973 [Test worker] INFO  com.learn.RAtests.TestBase -- PASSED: positiveContentTypeTest
16:36:37.973 [Test worker] INFO  com.learn.RAtests.TestBase -- Stop test
16:36:37.973 [Test worker] INFO  com.learn.RAtests.TestBase -- *******************************
16:36:37.974 [Test worker] INFO  com.learn.RAtests.TestBase -- Start test: purchaseCourseInNonExistentCartNegTest
16:37:20.919 [Test worker] INFO  com.learn.RAtests.TestBase -- PASSED: responseTimeIsLessThan500msTest
16:37:20.919 [Test worker] INFO  com.learn.RAtests.TestBase -- Stop test
16:37:20.919 [Test worker] INFO  com.learn.RAtests.TestBase -- *******************************
]]></system-out>
  <system-err><![CDATA[]]></system-err>
</testsuite>
