<?xml version="1.0" encoding="UTF-8"?>
<testsuite name="com.learn.UItests.Positive.ChangePasswordPositiveTests" tests="2" skipped="0" failures="0" errors="0" timestamp="2024-04-17T14:29:46" hostname="DESKTOP-M6NQQR2" time="12.905">
  <properties/>
  <testcase name="changePasswordBoundaryValue8Test" classname="com.learn.UItests.Positive.ChangePasswordPositiveTests" time="0.674"/>
  <testcase name="changePasswordPositiveTest" classname="com.learn.UItests.Positive.ChangePasswordPositiveTests" time="0.574"/>
  <system-out><![CDATA[16:29:39.649 [Test worker] INFO  com.learn.UItests.TestBase -- Start test: changePasswordBoundaryValue8Testwith data: []
16:29:52.074 [Test worker] INFO  com.learn.UItests.TestBase -- PASSED: changePasswordBoundaryValue8Test
16:29:52.074 [Test worker] INFO  com.learn.UItests.TestBase -- Stop test
16:29:52.074 [Test worker] INFO  com.learn.UItests.TestBase -- ************************
16:29:52.075 [Test worker] INFO  com.learn.RAtests.TestBase -- Start test: changePasswordForNotExistUserNegTest
16:30:04.272 [Test worker] INFO  com.learn.UItests.TestBase -- PASSED: changePasswordPositiveTest
16:30:04.272 [Test worker] INFO  com.learn.UItests.TestBase -- Stop test
16:30:04.272 [Test worker] INFO  com.learn.UItests.TestBase -- ************************
]]></system-out>
  <system-err><![CDATA[]]></system-err>
</testsuite>
