<?xml version="1.0" encoding="UTF-8"?>
<testsuite name="com.learn.RAtests.LessonController.CreateLessonNegativeTests" tests="6" skipped="0" failures="0" errors="0" timestamp="2024-04-17T14:32:42" hostname="DESKTOP-M6NQQR2" time="23.426">
  <properties/>
  <testcase name="createLessonForNotExistCourseNegTest" classname="com.learn.RAtests.LessonController.CreateLessonNegativeTests" time="0.016"/>
  <testcase name="createLessonWithEmptyContentTest" classname="com.learn.RAtests.LessonController.CreateLessonNegativeTests" time="0.026"/>
  <testcase name="createLessonWithEmptyPhotoTest" classname="com.learn.RAtests.LessonController.CreateLessonNegativeTests" time="0.014"/>
  <testcase name="createLessonWithEmptyTitleTest" classname="com.learn.RAtests.LessonController.CreateLessonNegativeTests" time="0.013"/>
  <testcase name="createLessonWithWrongPathNegTest" classname="com.learn.RAtests.LessonController.CreateLessonNegativeTests" time="0.017"/>
  <testcase name="createLessonWithoutAuthNegTest" classname="com.learn.RAtests.LessonController.CreateLessonNegativeTests" time="0.008"/>
  <system-out><![CDATA[16:32:42.869 [Test worker] INFO  com.learn.RAtests.TestBase -- Start test: createLessonForNotExistCourseNegTest
16:32:42.885 [Test worker] INFO  com.learn.RAtests.TestBase -- PASSED: createLessonForNotExistCourseNegTest
16:32:42.886 [Test worker] INFO  com.learn.RAtests.TestBase -- Stop test
16:32:42.886 [Test worker] INFO  com.learn.RAtests.TestBase -- *******************************
16:32:56.695 [Test worker] INFO  com.learn.RAtests.TestBase -- PASSED: createLessonWithEmptyContentTest
16:32:56.695 [Test worker] INFO  com.learn.RAtests.TestBase -- Stop test
16:32:56.695 [Test worker] INFO  com.learn.RAtests.TestBase -- *******************************
16:32:56.698 [Test worker] INFO  com.learn.RAtests.TestBase -- Start test: createLessonWithEmptyPhotoTest
16:32:56.712 [Test worker] INFO  com.learn.RAtests.TestBase -- PASSED: createLessonWithEmptyPhotoTest
16:32:56.712 [Test worker] INFO  com.learn.RAtests.TestBase -- Stop test
16:32:56.712 [Test worker] INFO  com.learn.RAtests.TestBase -- *******************************
16:32:56.713 [Test worker] INFO  com.learn.RAtests.TestBase -- Start test: createLessonWithEmptyTitleTest
16:32:56.727 [Test worker] INFO  com.learn.RAtests.TestBase -- PASSED: createLessonWithEmptyTitleTest
16:32:56.727 [Test worker] INFO  com.learn.RAtests.TestBase -- Stop test
16:32:56.727 [Test worker] INFO  com.learn.RAtests.TestBase -- *******************************
16:32:56.728 [Test worker] INFO  com.learn.RAtests.TestBase -- Start test: createLessonWithWrongPathNegTest
16:32:56.747 [Test worker] INFO  com.learn.RAtests.TestBase -- PASSED: createLessonWithWrongPathNegTest
16:32:56.747 [Test worker] INFO  com.learn.RAtests.TestBase -- Stop test
16:32:56.747 [Test worker] INFO  com.learn.RAtests.TestBase -- *******************************
16:33:06.296 [Test worker] INFO  com.learn.RAtests.TestBase -- PASSED: createLessonWithoutAuthNegTest
16:33:06.296 [Test worker] INFO  com.learn.RAtests.TestBase -- Stop test
16:33:06.296 [Test worker] INFO  com.learn.RAtests.TestBase -- *******************************
]]></system-out>
  <system-err><![CDATA[]]></system-err>
</testsuite>
