<?xml version="1.0" encoding="UTF-8"?>
<testsuite name="com.learn.RAtests.UserController.RegistrationPositiveTests" tests="4" skipped="0" failures="0" errors="0" timestamp="2024-04-17T14:36:45" hostname="DESKTOP-M6NQQR2" time="24.463">
  <properties/>
  <testcase name="regWithBoundaryValue10NicknameTest" classname="com.learn.RAtests.UserController.RegistrationPositiveTests" time="0.071"/>
  <testcase name="regWithBoundaryValue3NicknameTest" classname="com.learn.RAtests.UserController.RegistrationPositiveTests" time="0.07"/>
  <testcase name="regWithBoundaryValue8PasswordTest" classname="com.learn.RAtests.UserController.RegistrationPositiveTests" time="0.073"/>
  <testcase name="registrationSuccessTest" classname="com.learn.RAtests.UserController.RegistrationPositiveTests" time="0.072"/>
  <system-out><![CDATA[16:36:45.406 [Test worker] INFO  com.learn.RAtests.TestBase -- Start test: regWithBoundaryValue10NicknameTest
16:36:45.560 [Test worker] INFO  com.learn.RAtests.TestBase -- PASSED: regWithBoundaryValue10NicknameTest
16:36:45.560 [Test worker] INFO  com.learn.RAtests.TestBase -- Stop test
16:36:45.560 [Test worker] INFO  com.learn.RAtests.TestBase -- *******************************
16:36:52.124 [Test worker] INFO  com.learn.RAtests.TestBase -- PASSED: regWithBoundaryValue3NicknameTest
16:36:52.124 [Test worker] INFO  com.learn.RAtests.TestBase -- Stop test
16:36:52.124 [Test worker] INFO  com.learn.RAtests.TestBase -- *******************************
16:36:52.124 [Test worker] INFO  com.learn.UItests.TestBase -- Start test: regWithBoundaryValue3NicknameTestwith data: []
16:36:58.032 [Test worker] INFO  com.learn.RAtests.TestBase -- PASSED: regWithBoundaryValue8PasswordTest
16:36:58.033 [Test worker] INFO  com.learn.RAtests.TestBase -- Stop test
16:36:58.033 [Test worker] INFO  com.learn.RAtests.TestBase -- *******************************
16:36:58.033 [Test worker] INFO  com.learn.UItests.TestBase -- Start test: regWithBoundaryValue8PasswordTestwith data: []
16:37:09.951 [Test worker] INFO  com.learn.RAtests.TestBase -- PASSED: registrationSuccessTest
16:37:09.951 [Test worker] INFO  com.learn.RAtests.TestBase -- Stop test
16:37:09.951 [Test worker] INFO  com.learn.RAtests.TestBase -- *******************************
]]></system-out>
  <system-err><![CDATA[]]></system-err>
</testsuite>
