<?xml version="1.0" encoding="UTF-8"?>
<testsuite name="com.learn.RAtests.UserController.ChangePasswordPositiveTests" tests="2" skipped="0" failures="0" errors="0" timestamp="2024-04-17T14:37:35" hostname="DESKTOP-M6NQQR2" time="14.91">
  <properties/>
  <testcase name="changePasswordBoundaryValue8Test" classname="com.learn.RAtests.UserController.ChangePasswordPositiveTests" time="0.126"/>
  <testcase name="changePasswordPositiveTest" classname="com.learn.RAtests.UserController.ChangePasswordPositiveTests" time="0.126"/>
  <system-out><![CDATA[16:37:35.392 [Test worker] INFO  com.learn.RAtests.TestBase -- Start test: changePasswordBoundaryValue8Test
16:37:35.518 [Test worker] INFO  com.learn.RAtests.TestBase -- PASSED: changePasswordBoundaryValue8Test
16:37:35.518 [Test worker] INFO  com.learn.RAtests.TestBase -- Stop test
16:37:35.518 [Test worker] INFO  com.learn.RAtests.TestBase -- *******************************
16:37:35.519 [Test worker] INFO  com.learn.UItests.TestBase -- Start test: editCourseHeightPriceNegTestwith data: []
16:37:50.303 [Test worker] INFO  com.learn.RAtests.TestBase -- PASSED: changePasswordPositiveTest
16:37:50.303 [Test worker] INFO  com.learn.RAtests.TestBase -- Stop test
16:37:50.303 [Test worker] INFO  com.learn.RAtests.TestBase -- *******************************
]]></system-out>
  <system-err><![CDATA[]]></system-err>
</testsuite>
