<?xml version="1.0" encoding="UTF-8"?>
<testsuite name="com.learn.RAtests.AuthorizationController.LogoutPositiveTests" tests="1" skipped="0" failures="0" errors="0" timestamp="2024-04-17T14:36:11" hostname="DESKTOP-M6NQQR2" time="0.014">
  <properties/>
  <testcase name="logoutPositiveTest" classname="com.learn.RAtests.AuthorizationController.LogoutPositiveTests" time="0.014"/>
  <system-out><![CDATA[16:36:11.034 [Test worker] INFO  com.learn.RAtests.TestBase -- Start test: logoutPositiveTest
16:36:11.049 [Test worker] INFO  com.learn.RAtests.TestBase -- PASSED: logoutPositiveTest
16:36:11.049 [Test worker] INFO  com.learn.RAtests.TestBase -- Stop test
16:36:11.049 [Test worker] INFO  com.learn.RAtests.TestBase -- *******************************
]]></system-out>
  <system-err><![CDATA[]]></system-err>
</testsuite>
