<?xml version="1.0" encoding="UTF-8"?>
<testsuite name="com.learn.RAtests.UserController.DeleteUserPositiveTests" tests="1" skipped="0" failures="0" errors="0" timestamp="2024-04-17T14:33:58" hostname="DESKTOP-M6NQQR2" time="0.885">
  <properties/>
  <testcase name="deleteUserSuccessTest" classname="com.learn.RAtests.UserController.DeleteUserPositiveTests" time="0.885"/>
  <system-out><![CDATA[16:33:58.461 [Test worker] INFO  com.learn.RAtests.TestBase -- Start test: deleteUserSuccessTest
Response body: 
16:33:59.347 [Test worker] INFO  com.learn.RAtests.TestBase -- PASSED: deleteUserSuccessTest
16:33:59.347 [Test worker] INFO  com.learn.RAtests.TestBase -- Stop test
16:33:59.347 [Test worker] INFO  com.learn.RAtests.TestBase -- *******************************
]]></system-out>
  <system-err><![CDATA[]]></system-err>
</testsuite>
