<?xml version="1.0" encoding="UTF-8"?>
<testsuite name="com.learn.RAtests.UserController.AccountInfoNegativeTests" tests="1" skipped="0" failures="0" errors="0" timestamp="2024-04-17T14:35:13" hostname="DESKTOP-M6NQQR2" time="0.01">
  <properties/>
  <testcase name="getAllContactsSuccessTest" classname="com.learn.RAtests.UserController.AccountInfoNegativeTests" time="0.01"/>
  <system-out><![CDATA[16:35:13.708 [Test worker] INFO  com.learn.RAtests.TestBase -- Start test: getAllContactsSuccessTest
16:35:13.719 [Test worker] INFO  com.learn.RAtests.TestBase -- PASSED: getAllContactsSuccessTest
16:35:13.719 [Test worker] INFO  com.learn.RAtests.TestBase -- Stop test
16:35:13.719 [Test worker] INFO  com.learn.RAtests.TestBase -- *******************************
]]></system-out>
  <system-err><![CDATA[]]></system-err>
</testsuite>
