<?xml version="1.0" encoding="UTF-8"?>
<testsuite name="com.learn.RAtests.LessonController.CreateLessonPositiveTests" tests="1" skipped="0" failures="0" errors="0" timestamp="2024-04-17T14:32:42" hostname="DESKTOP-M6NQQR2" time="0.016">
  <properties/>
  <testcase name="createLessonPositiveTest" classname="com.learn.RAtests.LessonController.CreateLessonPositiveTests" time="0.016"/>
  <system-out><![CDATA[16:32:42.887 [Test worker] INFO  com.learn.RAtests.TestBase -- Start test: createLessonPositiveTest
16:32:42.918 [Test worker] INFO  com.learn.RAtests.TestBase -- PASSED: createLessonPositiveTest
16:32:42.918 [Test worker] INFO  com.learn.RAtests.TestBase -- Stop test
16:32:42.918 [Test worker] INFO  com.learn.RAtests.TestBase -- *******************************
]]></system-out>
  <system-err><![CDATA[]]></system-err>
</testsuite>
