<?xml version="1.0" encoding="UTF-8"?>
<testsuite name="com.learn.RAtests.UserController.ChangePasswordNegativeTests" tests="15" skipped="0" failures="0" errors="0" timestamp="2024-04-17T14:29:39" hostname="DESKTOP-M6NQQR2" time="110.675">
  <properties/>
  <testcase name="changePassWithEmptyConfirmPasswordNegTest" classname="com.learn.RAtests.UserController.ChangePasswordNegativeTests" time="0.024"/>
  <testcase name="changePassWithEmptyNewPasswordNegTest" classname="com.learn.RAtests.UserController.ChangePasswordNegativeTests" time="0.013"/>
  <testcase name="changePassWithEmptyOldPasswordNegTest" classname="com.learn.RAtests.UserController.ChangePasswordNegativeTests" time="0.074"/>
  <testcase name="changePassWithShortLength7NegTest" classname="com.learn.RAtests.UserController.ChangePasswordNegativeTests" time="0.018"/>
  <testcase name="changePasswordForNotExistUserNegTest" classname="com.learn.RAtests.UserController.ChangePasswordNegativeTests" time="0.016"/>
  <testcase name="changePasswordWithOnlyInvalidSymbolsNegTest" classname="com.learn.RAtests.UserController.ChangePasswordNegativeTests" time="0.012"/>
  <testcase name="changePasswordWithOnlyLettersNegTest" classname="com.learn.RAtests.UserController.ChangePasswordNegativeTests" time="0.011"/>
  <testcase name="changePasswordWithOnlyLowercaseNegTest" classname="com.learn.RAtests.UserController.ChangePasswordNegativeTests" time="0.013"/>
  <testcase name="changePasswordWithOnlyNumbersNegTest" classname="com.learn.RAtests.UserController.ChangePasswordNegativeTests" time="0.009"/>
  <testcase name="changePasswordWithOnlyUppercaseNegTest" classname="com.learn.RAtests.UserController.ChangePasswordNegativeTests" time="0.01"/>
  <testcase name="changePasswordWithOnlyValidSymbolsNegTest" classname="com.learn.RAtests.UserController.ChangePasswordNegativeTests" time="0.009"/>
  <testcase name="changePasswordWithoutAUTHNegTest" classname="com.learn.RAtests.UserController.ChangePasswordNegativeTests" time="0.008"/>
  <testcase name="changePasswordWithoutNumbersNegTest" classname="com.learn.RAtests.UserController.ChangePasswordNegativeTests" time="0.01"/>
  <testcase name="changePasswordWithoutSpecialSymbolNegTest" classname="com.learn.RAtests.UserController.ChangePasswordNegativeTests" time="0.008"/>
  <testcase name="changePasswordWrongPathNegTest" classname="com.learn.RAtests.UserController.ChangePasswordNegativeTests" time="0.012"/>
  <system-out><![CDATA[16:29:39.505 [Test worker] INFO  com.learn.RAtests.TestBase -- Start test: changePassWithEmptyConfirmPasswordNegTest
16:29:39.531 [Test worker] INFO  com.learn.RAtests.TestBase -- PASSED: changePassWithEmptyConfirmPasswordNegTest
16:29:39.531 [Test worker] INFO  com.learn.RAtests.TestBase -- Stop test
16:29:39.531 [Test worker] INFO  com.learn.RAtests.TestBase -- *******************************
16:29:39.533 [Test worker] INFO  com.learn.RAtests.TestBase -- Start test: changePassWithEmptyNewPasswordNegTest
16:29:39.547 [Test worker] INFO  com.learn.RAtests.TestBase -- PASSED: changePassWithEmptyNewPasswordNegTest
16:29:39.548 [Test worker] INFO  com.learn.RAtests.TestBase -- Stop test
16:29:39.548 [Test worker] INFO  com.learn.RAtests.TestBase -- *******************************
16:29:39.550 [Test worker] INFO  com.learn.RAtests.TestBase -- Start test: changePassWithEmptyOldPasswordNegTest
Current password is incorrect
16:29:39.625 [Test worker] INFO  com.learn.RAtests.TestBase -- PASSED: changePassWithEmptyOldPasswordNegTest
16:29:39.625 [Test worker] INFO  com.learn.RAtests.TestBase -- Stop test
16:29:39.625 [Test worker] INFO  com.learn.RAtests.TestBase -- *******************************
16:29:39.627 [Test worker] INFO  com.learn.RAtests.TestBase -- Start test: changePassWithShortLength7NegTest
16:29:39.646 [Test worker] INFO  com.learn.RAtests.TestBase -- PASSED: changePassWithShortLength7NegTest
16:29:39.647 [Test worker] INFO  com.learn.RAtests.TestBase -- Stop test
16:29:39.647 [Test worker] INFO  com.learn.RAtests.TestBase -- *******************************
16:29:52.092 [Test worker] INFO  com.learn.RAtests.TestBase -- PASSED: changePasswordForNotExistUserNegTest
16:29:52.092 [Test worker] INFO  com.learn.RAtests.TestBase -- Stop test
16:29:52.092 [Test worker] INFO  com.learn.RAtests.TestBase -- *******************************
16:29:52.093 [Test worker] INFO  com.learn.UItests.TestBase -- Start test: changePasswordPositiveTestwith data: []
16:30:12.276 [Test worker] INFO  com.learn.RAtests.TestBase -- PASSED: changePasswordWithOnlyInvalidSymbolsNegTest
16:30:12.276 [Test worker] INFO  com.learn.RAtests.TestBase -- Stop test
16:30:12.276 [Test worker] INFO  com.learn.RAtests.TestBase -- *******************************
16:30:12.277 [Test worker] INFO  com.learn.RAtests.TestBase -- Start test: changePasswordWithOnlyLettersNegTest
Validation failed for argument [1] in public void de.aittr.online_lessons.controllers.UserController.changePassword(java.lang.String,de.aittr.online_lessons.domain.dto.ChangePasswordDto): [Field error in object 'changePasswordDto' on field 'newPassword': rejected value [Testtest]; codes [Pattern.changePasswordDto.newPassword,Pattern.newPassword,Pattern.java.lang.String,Pattern]; arguments [org.springframework.context.support.DefaultMessageSourceResolvable: codes [changePasswordDto.newPassword,newPassword]; arguments []; default message [newPassword],[Ljakarta.validation.constraints.Pattern$Flag;@2a9dc670,^(?=.*[0-9])(?=.*[a-z])(?=.*[A-Z])(?=.*[!$#%])[a-zA-Z0-9!$#%]{8,}$]; default message [Invalid password format]] 
16:30:12.289 [Test worker] INFO  com.learn.RAtests.TestBase -- PASSED: changePasswordWithOnlyLettersNegTest
16:30:12.290 [Test worker] INFO  com.learn.RAtests.TestBase -- Stop test
16:30:12.290 [Test worker] INFO  com.learn.RAtests.TestBase -- *******************************
16:30:12.291 [Test worker] INFO  com.learn.UItests.TestBase -- Start test: changePasswordWithOnlyLettersNegativeTestwith data: []
16:30:20.460 [Test worker] INFO  com.learn.RAtests.TestBase -- PASSED: changePasswordWithOnlyLowercaseNegTest
16:30:20.460 [Test worker] INFO  com.learn.RAtests.TestBase -- Stop test
16:30:20.460 [Test worker] INFO  com.learn.RAtests.TestBase -- *******************************
16:30:20.461 [Test worker] INFO  com.learn.UItests.TestBase -- Start test: changePasswordWithOnlyLowercaseNegativeTestwith data: []
16:30:28.338 [Test worker] INFO  com.learn.RAtests.TestBase -- PASSED: changePasswordWithOnlyNumbersNegTest
16:30:28.338 [Test worker] INFO  com.learn.RAtests.TestBase -- Stop test
16:30:28.338 [Test worker] INFO  com.learn.RAtests.TestBase -- *******************************
16:30:28.339 [Test worker] INFO  com.learn.UItests.TestBase -- Start test: changePasswordWithOnlyNumbersNegativeTestwith data: []
16:30:43.817 [Test worker] INFO  com.learn.RAtests.TestBase -- PASSED: changePasswordWithOnlyUppercaseNegTest
16:30:43.817 [Test worker] INFO  com.learn.RAtests.TestBase -- Stop test
16:30:43.817 [Test worker] INFO  com.learn.RAtests.TestBase -- *******************************
16:30:43.818 [Test worker] INFO  com.learn.UItests.TestBase -- Start test: changePasswordWithOnlyUppercaseNegativeTestwith data: []
16:30:51.147 [Test worker] INFO  com.learn.RAtests.TestBase -- PASSED: changePasswordWithOnlyValidSymbolsNegTest
16:30:51.147 [Test worker] INFO  com.learn.RAtests.TestBase -- Stop test
16:30:51.147 [Test worker] INFO  com.learn.RAtests.TestBase -- *******************************
16:30:51.148 [Test worker] INFO  com.learn.UItests.TestBase -- Start test: changePasswordWithWrongConfirmPasswordNegativeTestwith data: []
16:31:15.064 [Test worker] INFO  com.learn.RAtests.TestBase -- PASSED: changePasswordWithoutAUTHNegTest
16:31:15.064 [Test worker] INFO  com.learn.RAtests.TestBase -- Stop test
16:31:15.065 [Test worker] INFO  com.learn.RAtests.TestBase -- *******************************
16:31:15.065 [Test worker] INFO  com.learn.UItests.TestBase -- Start test: changePasswordWithoutNumberNegativeTestwith data: []
16:31:22.344 [Test worker] INFO  com.learn.RAtests.TestBase -- PASSED: changePasswordWithoutNumbersNegTest
16:31:22.344 [Test worker] INFO  com.learn.RAtests.TestBase -- Stop test
16:31:22.345 [Test worker] INFO  com.learn.RAtests.TestBase -- *******************************
16:31:22.346 [Test worker] INFO  com.learn.RAtests.TestBase -- Start test: changePasswordWithoutSpecialSymbolNegTest
16:31:22.356 [Test worker] INFO  com.learn.RAtests.TestBase -- PASSED: changePasswordWithoutSpecialSymbolNegTest
16:31:22.356 [Test worker] INFO  com.learn.RAtests.TestBase -- Stop test
16:31:22.356 [Test worker] INFO  com.learn.RAtests.TestBase -- *******************************
16:31:22.357 [Test worker] INFO  com.learn.UItests.TestBase -- Start test: changePasswordWithoutSpecialSymbolNegativeTestwith data: []
16:31:30.181 [Test worker] INFO  com.learn.RAtests.TestBase -- PASSED: changePasswordWrongPathNegTest
16:31:30.182 [Test worker] INFO  com.learn.RAtests.TestBase -- Stop test
16:31:30.182 [Test worker] INFO  com.learn.RAtests.TestBase -- *******************************
]]></system-out>
  <system-err><![CDATA[]]></system-err>
</testsuite>
