<?xml version="1.0" encoding="UTF-8"?>
<testsuite name="com.learn.UItests.Negative.ChangePasswordNegativeTests" tests="11" skipped="0" failures="0" errors="0" timestamp="2024-04-17T14:30:08" hostname="DESKTOP-M6NQQR2" time="78.456">
  <properties/>
  <testcase name="changePasswordWithInvalidSymbolNegativeTest" classname="com.learn.UItests.Negative.ChangePasswordNegativeTests" time="0.49"/>
  <testcase name="changePasswordWithOnlyLettersNegativeTest" classname="com.learn.UItests.Negative.ChangePasswordNegativeTests" time="0.569"/>
  <testcase name="changePasswordWithOnlyLowercaseNegativeTest" classname="com.learn.UItests.Negative.ChangePasswordNegativeTests" time="0.447"/>
  <testcase name="changePasswordWithOnlyNumbersNegativeTest" classname="com.learn.UItests.Negative.ChangePasswordNegativeTests" time="0.424"/>
  <testcase name="changePasswordWithOnlySymbolNegativeTest" classname="com.learn.UItests.Negative.ChangePasswordNegativeTests" time="0.759"/>
  <testcase name="changePasswordWithOnlyUppercaseNegativeTest" classname="com.learn.UItests.Negative.ChangePasswordNegativeTests" time="0.448"/>
  <testcase name="changePasswordWithWrongConfirmPasswordNegativeTest" classname="com.learn.UItests.Negative.ChangePasswordNegativeTests" time="0.495"/>
  <testcase name="changePasswordWithWrongNewPasswordNegativeTest" classname="com.learn.UItests.Negative.ChangePasswordNegativeTests" time="0.499"/>
  <testcase name="changePasswordWithWrongOldPasswordNegativeTest" classname="com.learn.UItests.Negative.ChangePasswordNegativeTests" time="0.61"/>
  <testcase name="changePasswordWithoutNumberNegativeTest" classname="com.learn.UItests.Negative.ChangePasswordNegativeTests" time="0.502"/>
  <testcase name="changePasswordWithoutSpecialSymbolNegativeTest" classname="com.learn.UItests.Negative.ChangePasswordNegativeTests" time="0.407"/>
  <system-out><![CDATA[16:30:04.274 [Test worker] INFO  com.learn.UItests.TestBase -- Start test: changePasswordWithInvalidSymbolNegativeTestwith data: []
16:30:12.260 [Test worker] INFO  com.learn.UItests.TestBase -- PASSED: changePasswordWithInvalidSymbolNegativeTest
16:30:12.260 [Test worker] INFO  com.learn.UItests.TestBase -- Stop test
16:30:12.260 [Test worker] INFO  com.learn.UItests.TestBase -- ************************
16:30:12.262 [Test worker] INFO  com.learn.RAtests.TestBase -- Start test: changePasswordWithOnlyInvalidSymbolsNegTest
16:30:20.445 [Test worker] INFO  com.learn.UItests.TestBase -- PASSED: changePasswordWithOnlyLettersNegativeTest
16:30:20.445 [Test worker] INFO  com.learn.UItests.TestBase -- Stop test
16:30:20.445 [Test worker] INFO  com.learn.UItests.TestBase -- ************************
16:30:20.446 [Test worker] INFO  com.learn.RAtests.TestBase -- Start test: changePasswordWithOnlyLowercaseNegTest
16:30:28.325 [Test worker] INFO  com.learn.UItests.TestBase -- PASSED: changePasswordWithOnlyLowercaseNegativeTest
16:30:28.325 [Test worker] INFO  com.learn.UItests.TestBase -- Stop test
16:30:28.326 [Test worker] INFO  com.learn.UItests.TestBase -- ************************
16:30:28.327 [Test worker] INFO  com.learn.RAtests.TestBase -- Start test: changePasswordWithOnlyNumbersNegTest
16:30:36.155 [Test worker] INFO  com.learn.UItests.TestBase -- PASSED: changePasswordWithOnlyNumbersNegativeTest
16:30:36.155 [Test worker] INFO  com.learn.UItests.TestBase -- Stop test
16:30:36.155 [Test worker] INFO  com.learn.UItests.TestBase -- ************************
16:30:36.156 [Test worker] INFO  com.learn.UItests.TestBase -- Start test: changePasswordWithOnlySymbolNegativeTestwith data: []
16:30:43.805 [Test worker] INFO  com.learn.UItests.TestBase -- PASSED: changePasswordWithOnlySymbolNegativeTest
16:30:43.805 [Test worker] INFO  com.learn.UItests.TestBase -- Stop test
16:30:43.805 [Test worker] INFO  com.learn.UItests.TestBase -- ************************
16:30:43.806 [Test worker] INFO  com.learn.RAtests.TestBase -- Start test: changePasswordWithOnlyUppercaseNegTest
16:30:51.135 [Test worker] INFO  com.learn.UItests.TestBase -- PASSED: changePasswordWithOnlyUppercaseNegativeTest
16:30:51.136 [Test worker] INFO  com.learn.UItests.TestBase -- Stop test
16:30:51.136 [Test worker] INFO  com.learn.UItests.TestBase -- ************************
16:30:51.137 [Test worker] INFO  com.learn.RAtests.TestBase -- Start test: changePasswordWithOnlyValidSymbolsNegTest
16:30:59.049 [Test worker] INFO  com.learn.UItests.TestBase -- PASSED: changePasswordWithWrongConfirmPasswordNegativeTest
16:30:59.049 [Test worker] INFO  com.learn.UItests.TestBase -- Stop test
16:30:59.049 [Test worker] INFO  com.learn.UItests.TestBase -- ************************
16:30:59.050 [Test worker] INFO  com.learn.UItests.TestBase -- Start test: changePasswordWithWrongNewPasswordNegativeTestwith data: []
16:31:07.022 [Test worker] INFO  com.learn.UItests.TestBase -- PASSED: changePasswordWithWrongNewPasswordNegativeTest
16:31:07.022 [Test worker] INFO  com.learn.UItests.TestBase -- Stop test
16:31:07.022 [Test worker] INFO  com.learn.UItests.TestBase -- ************************
16:31:07.023 [Test worker] INFO  com.learn.UItests.TestBase -- Start test: changePasswordWithWrongOldPasswordNegativeTestwith data: []
16:31:15.054 [Test worker] INFO  com.learn.UItests.TestBase -- PASSED: changePasswordWithWrongOldPasswordNegativeTest
16:31:15.055 [Test worker] INFO  com.learn.UItests.TestBase -- Stop test
16:31:15.055 [Test worker] INFO  com.learn.UItests.TestBase -- ************************
16:31:15.056 [Test worker] INFO  com.learn.RAtests.TestBase -- Start test: changePasswordWithoutAUTHNegTest
16:31:22.332 [Test worker] INFO  com.learn.UItests.TestBase -- PASSED: changePasswordWithoutNumberNegativeTest
16:31:22.333 [Test worker] INFO  com.learn.UItests.TestBase -- Stop test
16:31:22.333 [Test worker] INFO  com.learn.UItests.TestBase -- ************************
16:31:22.334 [Test worker] INFO  com.learn.RAtests.TestBase -- Start test: changePasswordWithoutNumbersNegTest
16:31:30.167 [Test worker] INFO  com.learn.UItests.TestBase -- PASSED: changePasswordWithoutSpecialSymbolNegativeTest
16:31:30.167 [Test worker] INFO  com.learn.UItests.TestBase -- Stop test
16:31:30.167 [Test worker] INFO  com.learn.UItests.TestBase -- ************************
]]></system-out>
  <system-err><![CDATA[]]></system-err>
</testsuite>
