<?xml version="1.0" encoding="UTF-8"?>
<testsuite name="com.learn.RAtests.CourseController.UpdateCoursePositiveTests" tests="4" skipped="0" failures="0" errors="0" timestamp="2024-04-17T14:29:39" hostname="DESKTOP-M6NQQR2" time="0.281">
  <properties/>
  <testcase name="changeCourseDescriptionPositiveTest" classname="com.learn.RAtests.CourseController.UpdateCoursePositiveTests" time="0.032"/>
  <testcase name="changeCoursePhotoPositiveTest" classname="com.learn.RAtests.CourseController.UpdateCoursePositiveTests" time="0.023"/>
  <testcase name="changeCoursePricePositiveTest" classname="com.learn.RAtests.CourseController.UpdateCoursePositiveTests" time="0.025"/>
  <testcase name="changeCourseTitlePositiveTest" classname="com.learn.RAtests.CourseController.UpdateCoursePositiveTests" time="0.02"/>
  <system-out><![CDATA[16:29:39.123 [Test worker] INFO  com.learn.RAtests.TestBase -- Start test: changeCourseDescriptionPositiveTest
16:29:39.262 [Test worker] INFO  com.learn.RAtests.TestBase -- PASSED: changeCourseDescriptionPositiveTest
16:29:39.262 [Test worker] INFO  com.learn.RAtests.TestBase -- Stop test
16:29:39.262 [Test worker] INFO  com.learn.RAtests.TestBase -- *******************************
16:29:39.264 [Test worker] INFO  com.learn.RAtests.TestBase -- Start test: changeCoursePhotoPositiveTest
16:29:39.348 [Test worker] INFO  com.learn.RAtests.TestBase -- PASSED: changeCoursePhotoPositiveTest
16:29:39.348 [Test worker] INFO  com.learn.RAtests.TestBase -- Stop test
16:29:39.348 [Test worker] INFO  com.learn.RAtests.TestBase -- *******************************
16:29:39.350 [Test worker] INFO  com.learn.RAtests.TestBase -- Start test: changeCoursePricePositiveTest
16:29:39.432 [Test worker] INFO  com.learn.RAtests.TestBase -- PASSED: changeCoursePricePositiveTest
16:29:39.433 [Test worker] INFO  com.learn.RAtests.TestBase -- Stop test
16:29:39.433 [Test worker] INFO  com.learn.RAtests.TestBase -- *******************************
16:29:39.434 [Test worker] INFO  com.learn.RAtests.TestBase -- Start test: changeCourseTitlePositiveTest
16:29:39.504 [Test worker] INFO  com.learn.RAtests.TestBase -- PASSED: changeCourseTitlePositiveTest
16:29:39.504 [Test worker] INFO  com.learn.RAtests.TestBase -- Stop test
16:29:39.504 [Test worker] INFO  com.learn.RAtests.TestBase -- *******************************
]]></system-out>
  <system-err><![CDATA[]]></system-err>
</testsuite>
