<?xml version="1.0" encoding="UTF-8"?>
<testsuite name="com.learn.UItests.Positive.LoginPositiveTests" tests="1" skipped="0" failures="0" errors="0" timestamp="2024-04-17T14:35:20" hostname="DESKTOP-M6NQQR2" time="0.527">
  <properties/>
  <testcase name="loginPositiveTest" classname="com.learn.UItests.Positive.LoginPositiveTests" time="0.527"/>
  <system-out><![CDATA[16:35:14.313 [Test worker] INFO  com.learn.UItests.TestBase -- Start test: loginPositiveTestwith data: []
16:35:25.683 [Test worker] INFO  com.learn.UItests.TestBase -- PASSED: loginPositiveTest
16:35:25.683 [Test worker] INFO  com.learn.UItests.TestBase -- Stop test
16:35:25.683 [Test worker] INFO  com.learn.UItests.TestBase -- ************************
]]></system-out>
  <system-err><![CDATA[]]></system-err>
</testsuite>
