<?xml version="1.0" encoding="UTF-8"?>
<testsuite name="com.learn.UItests.Positive.DeleteAccountPositiveTests" tests="1" skipped="0" failures="0" errors="0" timestamp="2024-04-17T14:33:58" hostname="DESKTOP-M6NQQR2" time="0.212">
  <properties/>
  <testcase name="deleteUserAccount" classname="com.learn.UItests.Positive.DeleteAccountPositiveTests" time="0.212"/>
  <system-out><![CDATA[16:33:52.521 [Test worker] INFO  com.learn.UItests.TestBase -- Start test: deleteUserAccountwith data: []
16:33:58.460 [Test worker] INFO  com.learn.UItests.TestBase -- PASSED: deleteUserAccount
16:33:58.460 [Test worker] INFO  com.learn.UItests.TestBase -- Stop test
16:33:58.460 [Test worker] INFO  com.learn.UItests.TestBase -- ************************
]]></system-out>
  <system-err><![CDATA[]]></system-err>
</testsuite>
