<?xml version="1.0" encoding="UTF-8"?>
<testsuite name="com.learn.UItests.Positive.ChangePasswordPositiveTests" tests="2" skipped="0" failures="0" errors="0" timestamp="2024-04-17T10:53:09" hostname="DESKTOP-M6NQQR2" time="13.65">
  <properties/>
  <testcase name="changePasswordBoundaryValue8Test" classname="com.learn.UItests.Positive.ChangePasswordPositiveTests" time="0.594"/>
  <testcase name="changePasswordPositiveTest" classname="com.learn.UItests.Positive.ChangePasswordPositiveTests" time="0.648"/>
  <system-out><![CDATA[12:53:02.828 [Test worker] INFO  com.learn.UItests.TestBase -- Start test: changePasswordBoundaryValue8Testwith data: []
12:53:15.042 [Test worker] INFO  com.learn.UItests.TestBase -- PASSED: changePasswordBoundaryValue8Test
12:53:15.044 [Test worker] INFO  com.learn.UItests.TestBase -- Stop test
12:53:15.045 [Test worker] INFO  com.learn.UItests.TestBase -- ************************
12:53:15.056 [Test worker] INFO  com.learn.UItests.TestBase -- Start test: changePasswordPositiveTestwith data: []
12:53:28.099 [Test worker] INFO  com.learn.UItests.TestBase -- PASSED: changePasswordPositiveTest
12:53:28.099 [Test worker] INFO  com.learn.UItests.TestBase -- Stop test
12:53:28.099 [Test worker] INFO  com.learn.UItests.TestBase -- ************************
]]></system-out>
  <system-err><![CDATA[]]></system-err>
</testsuite>
