<?xml version="1.0" encoding="UTF-8"?>
<testsuite name="com.learn.UItests.Positive.HomePagePositiveTests" tests="3" skipped="0" failures="0" errors="0" timestamp="2024-04-17T10:52:25" hostname="DESKTOP-M6NQQR2" time="0.434">
  <properties/>
  <testcase name="isCourseCardRedirectToCourseDetailsPage" classname="com.learn.UItests.Positive.HomePagePositiveTests" time="0.388"/>
  <testcase name="isLoginBtnPresent" classname="com.learn.UItests.Positive.HomePagePositiveTests" time="0.017"/>
  <testcase name="isSignUpBtnPresent" classname="com.learn.UItests.Positive.HomePagePositiveTests" time="0.012"/>
  <system-out><![CDATA[12:52:25.215 [Test worker] INFO  com.learn.UItests.TestBase -- Start test: isCourseCardRedirectToCourseDetailsPagewith data: []
12:52:25.612 [Test worker] INFO  com.learn.UItests.TestBase -- PASSED: isCourseCardRedirectToCourseDetailsPage
12:52:25.613 [Test worker] INFO  com.learn.UItests.TestBase -- Stop test
12:52:25.613 [Test worker] INFO  com.learn.UItests.TestBase -- ************************
12:52:25.618 [Test worker] INFO  com.learn.UItests.TestBase -- Start test: isLoginBtnPresentwith data: []
12:52:25.636 [Test worker] INFO  com.learn.UItests.TestBase -- PASSED: isLoginBtnPresent
12:52:25.637 [Test worker] INFO  com.learn.UItests.TestBase -- Stop test
12:52:25.637 [Test worker] INFO  com.learn.UItests.TestBase -- ************************
12:52:25.639 [Test worker] INFO  com.learn.UItests.TestBase -- Start test: isSignUpBtnPresentwith data: []
12:52:25.653 [Test worker] INFO  com.learn.UItests.TestBase -- PASSED: isSignUpBtnPresent
12:52:25.654 [Test worker] INFO  com.learn.UItests.TestBase -- Stop test
12:52:25.654 [Test worker] INFO  com.learn.UItests.TestBase -- ************************
]]></system-out>
  <system-err><![CDATA[]]></system-err>
</testsuite>
