<?xml version="1.0" encoding="UTF-8"?>
<testsuite name="com.learn.UItests.Positive.LogoutPositiveTest" tests="1" skipped="0" failures="0" errors="0" timestamp="2024-04-17T10:53:33" hostname="DESKTOP-M6NQQR2" time="15.169">
  <properties/>
  <testcase name="logoutPositiveTest" classname="com.learn.UItests.Positive.LogoutPositiveTest" time="15.169"/>
  <system-out><![CDATA[12:53:28.101 [Test worker] INFO  com.learn.UItests.TestBase -- Start test: logoutPositiveTestwith data: []
12:53:54.979 [Test worker] INFO  com.learn.UItests.TestBase -- PASSED: logoutPositiveTest
12:53:54.979 [Test worker] INFO  com.learn.UItests.TestBase -- Stop test
12:53:54.979 [Test worker] INFO  com.learn.UItests.TestBase -- ************************
]]></system-out>
  <system-err><![CDATA[]]></system-err>
</testsuite>
