<?xml version="1.0" encoding="UTF-8"?>
<testsuite name="com.learn.UItests.Negative.ChangePasswordNegativeTests" tests="11" skipped="0" failures="0" errors="0" timestamp="2024-04-17T10:56:27" hostname="DESKTOP-M6NQQR2" time="77.088">
  <properties/>
  <testcase name="changePasswordWithInvalidSymbolNegativeTest" classname="com.learn.UItests.Negative.ChangePasswordNegativeTests" time="0.507"/>
  <testcase name="changePasswordWithOnlyLettersNegativeTest" classname="com.learn.UItests.Negative.ChangePasswordNegativeTests" time="0.459"/>
  <testcase name="changePasswordWithOnlyLowercaseNegativeTest" classname="com.learn.UItests.Negative.ChangePasswordNegativeTests" time="0.486"/>
  <testcase name="changePasswordWithOnlyNumbersNegativeTest" classname="com.learn.UItests.Negative.ChangePasswordNegativeTests" time="0.535"/>
  <testcase name="changePasswordWithOnlySymbolNegativeTest" classname="com.learn.UItests.Negative.ChangePasswordNegativeTests" time="0.399"/>
  <testcase name="changePasswordWithOnlyUppercaseNegativeTest" classname="com.learn.UItests.Negative.ChangePasswordNegativeTests" time="0.42"/>
  <testcase name="changePasswordWithWrongConfirmPasswordNegativeTest" classname="com.learn.UItests.Negative.ChangePasswordNegativeTests" time="0.734"/>
  <testcase name="changePasswordWithWrongNewPasswordNegativeTest" classname="com.learn.UItests.Negative.ChangePasswordNegativeTests" time="0.406"/>
  <testcase name="changePasswordWithWrongOldPasswordNegativeTest" classname="com.learn.UItests.Negative.ChangePasswordNegativeTests" time="0.585"/>
  <testcase name="changePasswordWithoutNumberNegativeTest" classname="com.learn.UItests.Negative.ChangePasswordNegativeTests" time="0.47"/>
  <testcase name="changePasswordWithoutSpecialSymbolNegativeTest" classname="com.learn.UItests.Negative.ChangePasswordNegativeTests" time="0.459"/>
  <system-out><![CDATA[12:56:23.408 [Test worker] INFO  com.learn.UItests.TestBase -- Start test: changePasswordWithInvalidSymbolNegativeTestwith data: []
12:56:31.394 [Test worker] INFO  com.learn.UItests.TestBase -- PASSED: changePasswordWithInvalidSymbolNegativeTest
12:56:31.394 [Test worker] INFO  com.learn.UItests.TestBase -- Stop test
12:56:31.394 [Test worker] INFO  com.learn.UItests.TestBase -- ************************
12:56:31.395 [Test worker] INFO  com.learn.UItests.TestBase -- Start test: changePasswordWithOnlyLettersNegativeTestwith data: []
12:56:39.307 [Test worker] INFO  com.learn.UItests.TestBase -- PASSED: changePasswordWithOnlyLettersNegativeTest
12:56:39.307 [Test worker] INFO  com.learn.UItests.TestBase -- Stop test
12:56:39.307 [Test worker] INFO  com.learn.UItests.TestBase -- ************************
12:56:39.308 [Test worker] INFO  com.learn.UItests.TestBase -- Start test: changePasswordWithOnlyLowercaseNegativeTestwith data: []
12:56:46.955 [Test worker] INFO  com.learn.UItests.TestBase -- PASSED: changePasswordWithOnlyLowercaseNegativeTest
12:56:46.956 [Test worker] INFO  com.learn.UItests.TestBase -- Stop test
12:56:46.956 [Test worker] INFO  com.learn.UItests.TestBase -- ************************
12:56:46.957 [Test worker] INFO  com.learn.UItests.TestBase -- Start test: changePasswordWithOnlyNumbersNegativeTestwith data: []
12:56:54.342 [Test worker] INFO  com.learn.UItests.TestBase -- PASSED: changePasswordWithOnlyNumbersNegativeTest
12:56:54.342 [Test worker] INFO  com.learn.UItests.TestBase -- Stop test
12:56:54.342 [Test worker] INFO  com.learn.UItests.TestBase -- ************************
12:56:54.343 [Test worker] INFO  com.learn.UItests.TestBase -- Start test: changePasswordWithOnlySymbolNegativeTestwith data: []
12:57:02.195 [Test worker] INFO  com.learn.UItests.TestBase -- PASSED: changePasswordWithOnlySymbolNegativeTest
12:57:02.196 [Test worker] INFO  com.learn.UItests.TestBase -- Stop test
12:57:02.196 [Test worker] INFO  com.learn.UItests.TestBase -- ************************
12:57:02.196 [Test worker] INFO  com.learn.UItests.TestBase -- Start test: changePasswordWithOnlyUppercaseNegativeTestwith data: []
12:57:09.997 [Test worker] INFO  com.learn.UItests.TestBase -- PASSED: changePasswordWithOnlyUppercaseNegativeTest
12:57:09.998 [Test worker] INFO  com.learn.UItests.TestBase -- Stop test
12:57:09.998 [Test worker] INFO  com.learn.UItests.TestBase -- ************************
12:57:09.999 [Test worker] INFO  com.learn.UItests.TestBase -- Start test: changePasswordWithWrongConfirmPasswordNegativeTestwith data: []
12:57:17.518 [Test worker] INFO  com.learn.UItests.TestBase -- PASSED: changePasswordWithWrongConfirmPasswordNegativeTest
12:57:17.519 [Test worker] INFO  com.learn.UItests.TestBase -- Stop test
12:57:17.519 [Test worker] INFO  com.learn.UItests.TestBase -- ************************
12:57:17.519 [Test worker] INFO  com.learn.UItests.TestBase -- Start test: changePasswordWithWrongNewPasswordNegativeTestwith data: []
12:57:24.784 [Test worker] INFO  com.learn.UItests.TestBase -- PASSED: changePasswordWithWrongNewPasswordNegativeTest
12:57:24.784 [Test worker] INFO  com.learn.UItests.TestBase -- Stop test
12:57:24.784 [Test worker] INFO  com.learn.UItests.TestBase -- ************************
12:57:24.785 [Test worker] INFO  com.learn.UItests.TestBase -- Start test: changePasswordWithWrongOldPasswordNegativeTestwith data: []
12:57:32.814 [Test worker] INFO  com.learn.UItests.TestBase -- PASSED: changePasswordWithWrongOldPasswordNegativeTest
12:57:32.814 [Test worker] INFO  com.learn.UItests.TestBase -- Stop test
12:57:32.815 [Test worker] INFO  com.learn.UItests.TestBase -- ************************
12:57:32.815 [Test worker] INFO  com.learn.UItests.TestBase -- Start test: changePasswordWithoutNumberNegativeTestwith data: []
12:57:40.685 [Test worker] INFO  com.learn.UItests.TestBase -- PASSED: changePasswordWithoutNumberNegativeTest
12:57:40.685 [Test worker] INFO  com.learn.UItests.TestBase -- Stop test
12:57:40.685 [Test worker] INFO  com.learn.UItests.TestBase -- ************************
12:57:40.686 [Test worker] INFO  com.learn.UItests.TestBase -- Start test: changePasswordWithoutSpecialSymbolNegativeTestwith data: []
12:57:47.902 [Test worker] INFO  com.learn.UItests.TestBase -- PASSED: changePasswordWithoutSpecialSymbolNegativeTest
12:57:47.902 [Test worker] INFO  com.learn.UItests.TestBase -- Stop test
12:57:47.902 [Test worker] INFO  com.learn.UItests.TestBase -- ************************
]]></system-out>
  <system-err><![CDATA[]]></system-err>
</testsuite>
