<?xml version="1.0" encoding="UTF-8"?>
<testsuite name="com.learn.UItests.Positive.RegistrationPositiveTests" tests="4" skipped="0" failures="0" errors="0" timestamp="2024-04-17T10:52:25" hostname="DESKTOP-M6NQQR2" time="20.016">
  <properties/>
  <testcase name="regWithBoundaryValue10NicknameTest" classname="com.learn.UItests.Positive.RegistrationPositiveTests" time="1.257"/>
  <testcase name="regWithBoundaryValue3NicknameTest" classname="com.learn.UItests.Positive.RegistrationPositiveTests" time="1.325"/>
  <testcase name="regWithBoundaryValue8PasswordTest" classname="com.learn.UItests.Positive.RegistrationPositiveTests" time="1.277"/>
  <testcase name="registrationPositiveTest" classname="com.learn.UItests.Positive.RegistrationPositiveTests" time="0.698"/>
  <system-out><![CDATA[12:52:25.656 [Test worker] INFO  com.learn.UItests.TestBase -- Start test: regWithBoundaryValue10NicknameTestwith data: []
12:52:32.057 [Test worker] INFO  com.learn.UItests.TestBase -- PASSED: regWithBoundaryValue10NicknameTest
12:52:32.057 [Test worker] INFO  com.learn.UItests.TestBase -- Stop test
12:52:32.057 [Test worker] INFO  com.learn.UItests.TestBase -- ************************
12:52:32.058 [Test worker] INFO  com.learn.UItests.TestBase -- Start test: regWithBoundaryValue3NicknameTestwith data: []
12:52:38.527 [Test worker] INFO  com.learn.UItests.TestBase -- PASSED: regWithBoundaryValue3NicknameTest
12:52:38.527 [Test worker] INFO  com.learn.UItests.TestBase -- Stop test
12:52:38.527 [Test worker] INFO  com.learn.UItests.TestBase -- ************************
12:52:38.528 [Test worker] INFO  com.learn.UItests.TestBase -- Start test: regWithBoundaryValue8PasswordTestwith data: []
12:52:44.972 [Test worker] INFO  com.learn.UItests.TestBase -- PASSED: regWithBoundaryValue8PasswordTest
12:52:44.972 [Test worker] INFO  com.learn.UItests.TestBase -- Stop test
12:52:44.972 [Test worker] INFO  com.learn.UItests.TestBase -- ************************
12:52:44.974 [Test worker] INFO  com.learn.UItests.TestBase -- Start test: registrationPositiveTestwith data: []
12:52:50.768 [Test worker] INFO  com.learn.UItests.TestBase -- PASSED: registrationPositiveTest
12:52:50.768 [Test worker] INFO  com.learn.UItests.TestBase -- Stop test
12:52:50.768 [Test worker] INFO  com.learn.UItests.TestBase -- ************************
]]></system-out>
  <system-err><![CDATA[]]></system-err>
</testsuite>
