<?xml version="1.0" encoding="UTF-8"?>
<testsuite name="com.learn.UItests.Positive.DeleteAccountPositiveTests" tests="1" skipped="0" failures="0" errors="0" timestamp="2024-04-17T10:54:01" hostname="DESKTOP-M6NQQR2" time="0.213">
  <properties/>
  <testcase name="deleteUserAccount" classname="com.learn.UItests.Positive.DeleteAccountPositiveTests" time="0.213"/>
  <system-out><![CDATA[12:53:54.981 [Test worker] INFO  com.learn.UItests.TestBase -- Start test: deleteUserAccountwith data: []
12:54:01.476 [Test worker] INFO  com.learn.UItests.TestBase -- PASSED: deleteUserAccount
12:54:01.476 [Test worker] INFO  com.learn.UItests.TestBase -- Stop test
12:54:01.477 [Test worker] INFO  com.learn.UItests.TestBase -- ************************
]]></system-out>
  <system-err><![CDATA[]]></system-err>
</testsuite>
